#
# There is insufficient memory for the Java Runtime Environment to continue.
# Native memory allocation (malloc) failed to allocate 1751376 bytes. Error detail: Chunk::new
# Possible reasons:
#   The system is out of physical RAM or swap space
#   This process is running with CompressedOops enabled, and the Java Heap may be blocking the growth of the native heap
# Possible solutions:
#   Reduce memory load on the system
#   Increase physical memory or swap space
#   Check if swap backing store is full
#   Decrease Java heap size (-Xmx/-Xms)
#   Decrease number of Java threads
#   Decrease Java thread stack sizes (-Xss)
#   Set larger code cache with -XX:ReservedCodeCacheSize=
#   JVM is running with Unscaled Compressed Oops mode in which the Java heap is
#     placed in the first 4GB address space. The Java Heap base address is the
#     maximum limit for the native heap growth. Please use -XX:HeapBaseMinAddress
#     to set the Java Heap base and to place the Java Heap above 4GB virtual address.
# This output file may be truncated or incomplete.
#
#  Out of Memory Error (arena.cpp:191), pid=14332, tid=16764
#
# JRE version: OpenJDK Runtime Environment Microsoft-10376486 (17.0.13+11) (build 17.0.13+11-LTS)
# Java VM: OpenJDK 64-Bit Server VM Microsoft-10376486 (17.0.13+11-LTS, mixed mode, sharing, tiered, compressed oops, compressed class ptrs, g1 gc, windows-amd64)
# No core dump will be written. Minidumps are not enabled by default on client versions of Windows
#

---------------  S U M M A R Y ------------

Command Line: --add-opens=java.base/java.lang=ALL-UNNAMED --add-opens=java.base/java.lang.invoke=ALL-UNNAMED --add-opens=java.base/java.util=ALL-UNNAMED --add-opens=java.prefs/java.util.prefs=ALL-UNNAMED --add-exports=jdk.compiler/com.sun.tools.javac.api=ALL-UNNAMED --add-exports=jdk.compiler/com.sun.tools.javac.util=ALL-UNNAMED --add-opens=java.base/java.util=ALL-UNNAMED --add-opens=java.prefs/java.util.prefs=ALL-UNNAMED --add-opens=java.base/java.nio.charset=ALL-UNNAMED --add-opens=java.base/java.net=ALL-UNNAMED --add-opens=java.base/java.util.concurrent.atomic=ALL-UNNAMED --add-opens=java.xml/javax.xml.namespace=ALL-UNNAMED -XX:MaxMetaspaceSize=384m -XX:+HeapDumpOnOutOfMemoryError -Xms256m -Xmx512m -Dfile.encoding=UTF-8 -Duser.country=US -Duser.language=en -Duser.variant -javaagent:C:\Users\DLCH\.gradle\wrapper\dists\gradle-8.12.1-bin\eumc4uhoysa37zql93vfjkxy0\gradle-8.12.1\lib\agents\gradle-instrumentation-agent-8.12.1.jar org.gradle.launcher.daemon.bootstrap.GradleDaemon 8.12.1

Host: AMD Ryzen 5 4600H with Radeon Graphics         , 12 cores, 15G,  Windows 11 , 64 bit Build 26100 (10.0.26100.3037)
Time: Thu Feb 20 16:30:55 2025 SE Asia Standard Time elapsed time: 574.892354 seconds (0d 0h 9m 34s)

---------------  T H R E A D  ---------------

Current thread (0x000001b44838bda0):  JavaThread "C2 CompilerThread0" daemon [_thread_in_native, id=16764, stack(0x000000116c500000,0x000000116c600000)]


Current CompileTask:
C2: 574892 3869   !   4       java.net.URLClassLoader$1::run (81 bytes)

Stack: [0x000000116c500000,0x000000116c600000]
Native frames: (J=compiled Java code, j=interpreted, Vv=VM code, C=native code)
V  [jvm.dll+0x687fc9]
V  [jvm.dll+0x83eeb8]
V  [jvm.dll+0x840963]
V  [jvm.dll+0x840fd3]
V  [jvm.dll+0x24951f]
V  [jvm.dll+0xad0c4]
V  [jvm.dll+0xad75c]
V  [jvm.dll+0x36aaaf]
V  [jvm.dll+0x335153]
V  [jvm.dll+0x3345ea]
V  [jvm.dll+0x21a748]
V  [jvm.dll+0x219b7f]
V  [jvm.dll+0x1a5506]
V  [jvm.dll+0x22a1ca]
V  [jvm.dll+0x22830b]
V  [jvm.dll+0x7f4708]
V  [jvm.dll+0x7eea6c]
V  [jvm.dll+0x686ea7]
C  [ucrtbase.dll+0x37b0]
C  [KERNEL32.DLL+0x2e8d7]
C  [ntdll.dll+0xbbf2c]


---------------  P R O C E S S  ---------------

Threads class SMR info:
_java_thread_list=0x000001b462d53b70, length=32, elements={
0x000001b42d399e40, 0x000001b44836ecf0, 0x000001b448370330, 0x000001b4483855f0,
0x000001b448387fe0, 0x000001b4483888b0, 0x000001b448389180, 0x000001b44838bda0,
0x000001b448399610, 0x000001b4483b2e70, 0x000001b44849a690, 0x000001b44854e7e0,
0x000001b448e03fa0, 0x000001b448773740, 0x000001b44853c070, 0x000001b448fa3750,
0x000001b462f29030, 0x000001b4486a5090, 0x000001b4486a3740, 0x000001b4486a55a0,
0x000001b4486a3230, 0x000001b4486a5ab0, 0x000001b4486a3c50, 0x000001b4486a2d20,
0x000001b4486a2300, 0x000001b4486a4b80, 0x000001b448e171c0, 0x000001b448e176d0,
0x000001b448e18600, 0x000001b448e180f0, 0x000001b448e167a0, 0x000001b448e16cb0
}

Java Threads: ( => current thread )
  0x000001b42d399e40 JavaThread "main" [_thread_blocked, id=24732, stack(0x000000116b800000,0x000000116b900000)]
  0x000001b44836ecf0 JavaThread "Reference Handler" daemon [_thread_blocked, id=12668, stack(0x000000116bf00000,0x000000116c000000)]
  0x000001b448370330 JavaThread "Finalizer" daemon [_thread_blocked, id=3544, stack(0x000000116c000000,0x000000116c100000)]
  0x000001b4483855f0 JavaThread "Signal Dispatcher" daemon [_thread_blocked, id=24216, stack(0x000000116c100000,0x000000116c200000)]
  0x000001b448387fe0 JavaThread "Attach Listener" daemon [_thread_blocked, id=26464, stack(0x000000116c200000,0x000000116c300000)]
  0x000001b4483888b0 JavaThread "Service Thread" daemon [_thread_blocked, id=24544, stack(0x000000116c300000,0x000000116c400000)]
  0x000001b448389180 JavaThread "Monitor Deflation Thread" daemon [_thread_blocked, id=25368, stack(0x000000116c400000,0x000000116c500000)]
=>0x000001b44838bda0 JavaThread "C2 CompilerThread0" daemon [_thread_in_native, id=16764, stack(0x000000116c500000,0x000000116c600000)]
  0x000001b448399610 JavaThread "C1 CompilerThread0" daemon [_thread_blocked, id=6992, stack(0x000000116c600000,0x000000116c700000)]
  0x000001b4483b2e70 JavaThread "Sweeper thread" daemon [_thread_blocked, id=27500, stack(0x000000116c700000,0x000000116c800000)]
  0x000001b44849a690 JavaThread "Common-Cleaner" daemon [_thread_blocked, id=26208, stack(0x000000116c800000,0x000000116c900000)]
  0x000001b44854e7e0 JavaThread "Notification Thread" daemon [_thread_blocked, id=22124, stack(0x000000116c900000,0x000000116ca00000)]
  0x000001b448e03fa0 JavaThread "Daemon health stats" [_thread_blocked, id=29456, stack(0x000000116d100000,0x000000116d200000)]
  0x000001b448773740 JavaThread "Incoming local TCP Connector on port 53974" [_thread_in_native, id=22912, stack(0x000000116d000000,0x000000116d100000)]
  0x000001b44853c070 JavaThread "Daemon periodic checks" [_thread_blocked, id=28032, stack(0x000000116d200000,0x000000116d300000)]
  0x000001b448fa3750 JavaThread "Daemon" [_thread_blocked, id=14500, stack(0x000000116d300000,0x000000116d400000)]
  0x000001b462f29030 JavaThread "Handler for socket connection from /127.0.0.1:53974 to /127.0.0.1:53987" [_thread_in_native, id=20116, stack(0x000000116d400000,0x000000116d500000)]
  0x000001b4486a5090 JavaThread "Cancel handler" [_thread_blocked, id=31196, stack(0x000000116b600000,0x000000116b700000)]
  0x000001b4486a3740 JavaThread "Daemon worker" [_thread_in_Java, id=31228, stack(0x000000116d500000,0x000000116d600000)]
  0x000001b4486a55a0 JavaThread "Asynchronous log dispatcher for DefaultDaemonConnection: socket connection from /127.0.0.1:53974 to /127.0.0.1:53987" [_thread_blocked, id=31252, stack(0x000000116d600000,0x000000116d700000)]
  0x000001b4486a3230 JavaThread "Stdin handler" [_thread_blocked, id=31260, stack(0x000000116d700000,0x000000116d800000)]
  0x000001b4486a5ab0 JavaThread "Daemon client event forwarder" [_thread_blocked, id=31272, stack(0x000000116d800000,0x000000116d900000)]
  0x000001b4486a3c50 JavaThread "Cache worker for journal cache (C:\Users\DLCH\.gradle\caches\journal-1)" [_thread_blocked, id=30512, stack(0x000000116d900000,0x000000116da00000)]
  0x000001b4486a2d20 JavaThread "File lock request listener" [_thread_in_native, id=30516, stack(0x000000116da00000,0x000000116db00000)]
  0x000001b4486a2300 JavaThread "Cache worker for file hash cache (C:\Users\DLCH\.gradle\caches\8.12.1\fileHashes)" [_thread_blocked, id=31084, stack(0x000000116dc00000,0x000000116dd00000)]
  0x000001b4486a4b80 JavaThread "Cache worker for file hash cache (D:\KTPM_CardioTrackPharmacy\CardioTrackBackend\DiscoveryService\.gradle\8.12.1\fileHashes)" [_thread_blocked, id=33508, stack(0x000000116de00000,0x000000116df00000)]
  0x000001b448e171c0 JavaThread "Cache worker for Build Output Cleanup Cache (D:\KTPM_CardioTrackPharmacy\CardioTrackBackend\DiscoveryService\.gradle\buildOutputCleanup)" [_thread_blocked, id=33540, stack(0x000000116df00000,0x000000116e000000)]
  0x000001b448e176d0 JavaThread "File watcher server" daemon [_thread_in_native, id=23840, stack(0x000000116e600000,0x000000116e700000)]
  0x000001b448e18600 JavaThread "File watcher consumer" daemon [_thread_blocked, id=31728, stack(0x000000116dd00000,0x000000116de00000)]
  0x000001b448e180f0 JavaThread "jar transforms" [_thread_blocked, id=24924, stack(0x000000116b500000,0x000000116b600000)]
  0x000001b448e167a0 JavaThread "File lock release action executor Thread 2" [_thread_blocked, id=15112, stack(0x000000116b700000,0x000000116b800000)]
  0x000001b448e16cb0 JavaThread "jar transforms Thread 2" [_thread_blocked, id=11336, stack(0x000000116db00000,0x000000116dc00000)]

Other Threads:
  0x000001b44836a9d0 VMThread "VM Thread" [stack: 0x000000116be00000,0x000000116bf00000] [id=25304]
  0x000001b42d39aad0 WatcherThread [stack: 0x000000116ca00000,0x000000116cb00000] [id=25208]
  0x000001b42d3cab60 GCTaskThread "GC Thread#0" [stack: 0x000000116b900000,0x000000116ba00000] [id=9044]
  0x000001b448637b30 GCTaskThread "GC Thread#1" [stack: 0x000000116cb00000,0x000000116cc00000] [id=9476]
  0x000001b4488576f0 GCTaskThread "GC Thread#2" [stack: 0x000000116cc00000,0x000000116cd00000] [id=20832]
  0x000001b4488579b0 GCTaskThread "GC Thread#3" [stack: 0x000000116cd00000,0x000000116ce00000] [id=13744]
  0x000001b448857c70 GCTaskThread "GC Thread#4" [stack: 0x000000116ce00000,0x000000116cf00000] [id=18016]
  0x000001b448603900 GCTaskThread "GC Thread#5" [stack: 0x000000116cf00000,0x000000116d000000] [id=22312]
  0x000001b463803620 GCTaskThread "GC Thread#6" [stack: 0x000000116e000000,0x000000116e100000] [id=33576]
  0x000001b4638030a0 GCTaskThread "GC Thread#7" [stack: 0x000000116e100000,0x000000116e200000] [id=33580]
  0x000001b463803ba0 GCTaskThread "GC Thread#8" [stack: 0x000000116e200000,0x000000116e300000] [id=33584]
  0x000001b463803360 GCTaskThread "GC Thread#9" [stack: 0x000000116e300000,0x000000116e400000] [id=33588]
  0x000001b42d3cf9c0 ConcurrentGCThread "G1 Main Marker" [stack: 0x000000116ba00000,0x000000116bb00000] [id=22048]
  0x000001b42d3d1300 ConcurrentGCThread "G1 Conc#0" [stack: 0x000000116bb00000,0x000000116bc00000] [id=23260]
  0x000001b4638043e0 ConcurrentGCThread "G1 Conc#1" [stack: 0x000000116e400000,0x000000116e500000] [id=31424]
  0x000001b463803e60 ConcurrentGCThread "G1 Conc#2" [stack: 0x000000116e500000,0x000000116e600000] [id=32040]
  0x000001b44822a520 ConcurrentGCThread "G1 Refine#0" [stack: 0x000000116bc00000,0x000000116bd00000] [id=23816]
  0x000001b44822ae60 ConcurrentGCThread "G1 Service" [stack: 0x000000116bd00000,0x000000116be00000] [id=26540]

Threads with active compile tasks:
C2 CompilerThread0   574947 3869   !   4       java.net.URLClassLoader$1::run (81 bytes)

VM state: not at safepoint (normal execution)

VM Mutex/Monitor currently owned by a thread: None

Heap address: 0x00000000e0000000, size: 512 MB, Compressed Oops mode: 32-bit

CDS archive(s) mapped at: [0x000001b449000000-0x000001b449bb0000-0x000001b449bb0000), size 12255232, SharedBaseAddress: 0x000001b449000000, ArchiveRelocationMode: 1.
Compressed class space mapped at: 0x000001b44a000000-0x000001b45e000000, reserved size: 335544320
Narrow klass base: 0x000001b449000000, Narrow klass shift: 0, Narrow klass range: 0x100000000

GC Precious Log:
 CPUs: 12 total, 12 available
 Memory: 15741M
 Large Page Support: Disabled
 NUMA Support: Disabled
 Compressed Oops: Enabled (32-bit)
 Heap Region Size: 1M
 Heap Min Capacity: 256M
 Heap Initial Capacity: 256M
 Heap Max Capacity: 512M
 Pre-touch: Disabled
 Parallel Workers: 10
 Concurrent Workers: 3
 Concurrent Refinement Workers: 10
 Periodic GC: Disabled

Heap:
 garbage-first heap   total 262144K, used 111182K [0x00000000e0000000, 0x0000000100000000)
  region size 1024K, 98 young (100352K), 12 survivors (12288K)
 Metaspace       used 25963K, committed 26304K, reserved 393216K
  class space    used 3837K, committed 3968K, reserved 327680K

Heap Regions: E=young(eden), S=young(survivor), O=old, HS=humongous(starts), HC=humongous(continues), CS=collection set, F=free, OA=open archive, CA=closed archive, TAMS=top-at-mark-start (previous, next)
|   0|0x00000000e0000000, 0x00000000e0100000, 0x00000000e0100000|100%| O|  |TAMS 0x00000000e0100000, 0x00000000e0000000| Untracked 
|   1|0x00000000e0100000, 0x00000000e0200000, 0x00000000e0200000|100%|HS|  |TAMS 0x00000000e0200000, 0x00000000e0100000| Complete 
|   2|0x00000000e0200000, 0x00000000e0300000, 0x00000000e0300000|100%|HC|  |TAMS 0x00000000e0300000, 0x00000000e0200000| Complete 
|   3|0x00000000e0300000, 0x00000000e0400000, 0x00000000e0400000|100%|HC|  |TAMS 0x00000000e0400000, 0x00000000e0300000| Complete 
|   4|0x00000000e0400000, 0x00000000e0500000, 0x00000000e0500000|100%| O|  |TAMS 0x00000000e0500000, 0x00000000e0400000| Untracked 
|   5|0x00000000e0500000, 0x00000000e0600000, 0x00000000e0600000|100%| O|  |TAMS 0x00000000e0600000, 0x00000000e0500000| Untracked 
|   6|0x00000000e0600000, 0x00000000e0700000, 0x00000000e0700000|100%| O|  |TAMS 0x00000000e0700000, 0x00000000e0600000| Untracked 
|   7|0x00000000e0700000, 0x00000000e0800000, 0x00000000e0800000|100%|HS|  |TAMS 0x00000000e0800000, 0x00000000e0700000| Complete 
|   8|0x00000000e0800000, 0x00000000e0800000, 0x00000000e0900000|  0%| F|  |TAMS 0x00000000e0800000, 0x00000000e0800000| Untracked 
|   9|0x00000000e0900000, 0x00000000e0a00000, 0x00000000e0a00000|100%| O|  |TAMS 0x00000000e0a00000, 0x00000000e0900000| Untracked 
|  10|0x00000000e0a00000, 0x00000000e0b00000, 0x00000000e0b00000|100%| O|  |TAMS 0x00000000e0b00000, 0x00000000e0a00000| Untracked 
|  11|0x00000000e0b00000, 0x00000000e0c00000, 0x00000000e0c00000|100%| O|  |TAMS 0x00000000e0c00000, 0x00000000e0b00000| Untracked 
|  12|0x00000000e0c00000, 0x00000000e0cdca00, 0x00000000e0d00000| 86%| O|  |TAMS 0x00000000e0cdca00, 0x00000000e0c00000| Untracked 
|  13|0x00000000e0d00000, 0x00000000e0d00000, 0x00000000e0e00000|  0%| F|  |TAMS 0x00000000e0d00000, 0x00000000e0d00000| Untracked 
|  14|0x00000000e0e00000, 0x00000000e0e00000, 0x00000000e0f00000|  0%| F|  |TAMS 0x00000000e0e00000, 0x00000000e0e00000| Untracked 
|  15|0x00000000e0f00000, 0x00000000e0f00000, 0x00000000e1000000|  0%| F|  |TAMS 0x00000000e0f00000, 0x00000000e0f00000| Untracked 
|  16|0x00000000e1000000, 0x00000000e1000000, 0x00000000e1100000|  0%| F|  |TAMS 0x00000000e1000000, 0x00000000e1000000| Untracked 
|  17|0x00000000e1100000, 0x00000000e1100000, 0x00000000e1200000|  0%| F|  |TAMS 0x00000000e1100000, 0x00000000e1100000| Untracked 
|  18|0x00000000e1200000, 0x00000000e1200000, 0x00000000e1300000|  0%| F|  |TAMS 0x00000000e1200000, 0x00000000e1200000| Untracked 
|  19|0x00000000e1300000, 0x00000000e1300000, 0x00000000e1400000|  0%| F|  |TAMS 0x00000000e1300000, 0x00000000e1300000| Untracked 
|  20|0x00000000e1400000, 0x00000000e1400000, 0x00000000e1500000|  0%| F|  |TAMS 0x00000000e1400000, 0x00000000e1400000| Untracked 
|  21|0x00000000e1500000, 0x00000000e1500000, 0x00000000e1600000|  0%| F|  |TAMS 0x00000000e1500000, 0x00000000e1500000| Untracked 
|  22|0x00000000e1600000, 0x00000000e1600000, 0x00000000e1700000|  0%| F|  |TAMS 0x00000000e1600000, 0x00000000e1600000| Untracked 
|  23|0x00000000e1700000, 0x00000000e1700000, 0x00000000e1800000|  0%| F|  |TAMS 0x00000000e1700000, 0x00000000e1700000| Untracked 
|  24|0x00000000e1800000, 0x00000000e1800000, 0x00000000e1900000|  0%| F|  |TAMS 0x00000000e1800000, 0x00000000e1800000| Untracked 
|  25|0x00000000e1900000, 0x00000000e1900000, 0x00000000e1a00000|  0%| F|  |TAMS 0x00000000e1900000, 0x00000000e1900000| Untracked 
|  26|0x00000000e1a00000, 0x00000000e1a00000, 0x00000000e1b00000|  0%| F|  |TAMS 0x00000000e1a00000, 0x00000000e1a00000| Untracked 
|  27|0x00000000e1b00000, 0x00000000e1b00000, 0x00000000e1c00000|  0%| F|  |TAMS 0x00000000e1b00000, 0x00000000e1b00000| Untracked 
|  28|0x00000000e1c00000, 0x00000000e1c00000, 0x00000000e1d00000|  0%| F|  |TAMS 0x00000000e1c00000, 0x00000000e1c00000| Untracked 
|  29|0x00000000e1d00000, 0x00000000e1d00000, 0x00000000e1e00000|  0%| F|  |TAMS 0x00000000e1d00000, 0x00000000e1d00000| Untracked 
|  30|0x00000000e1e00000, 0x00000000e1e00000, 0x00000000e1f00000|  0%| F|  |TAMS 0x00000000e1e00000, 0x00000000e1e00000| Untracked 
|  31|0x00000000e1f00000, 0x00000000e1f00000, 0x00000000e2000000|  0%| F|  |TAMS 0x00000000e1f00000, 0x00000000e1f00000| Untracked 
|  32|0x00000000e2000000, 0x00000000e2000000, 0x00000000e2100000|  0%| F|  |TAMS 0x00000000e2000000, 0x00000000e2000000| Untracked 
|  33|0x00000000e2100000, 0x00000000e2100000, 0x00000000e2200000|  0%| F|  |TAMS 0x00000000e2100000, 0x00000000e2100000| Untracked 
|  34|0x00000000e2200000, 0x00000000e2200000, 0x00000000e2300000|  0%| F|  |TAMS 0x00000000e2200000, 0x00000000e2200000| Untracked 
|  35|0x00000000e2300000, 0x00000000e2300000, 0x00000000e2400000|  0%| F|  |TAMS 0x00000000e2300000, 0x00000000e2300000| Untracked 
|  36|0x00000000e2400000, 0x00000000e2400000, 0x00000000e2500000|  0%| F|  |TAMS 0x00000000e2400000, 0x00000000e2400000| Untracked 
|  37|0x00000000e2500000, 0x00000000e2500000, 0x00000000e2600000|  0%| F|  |TAMS 0x00000000e2500000, 0x00000000e2500000| Untracked 
|  38|0x00000000e2600000, 0x00000000e2600000, 0x00000000e2700000|  0%| F|  |TAMS 0x00000000e2600000, 0x00000000e2600000| Untracked 
|  39|0x00000000e2700000, 0x00000000e2700000, 0x00000000e2800000|  0%| F|  |TAMS 0x00000000e2700000, 0x00000000e2700000| Untracked 
|  40|0x00000000e2800000, 0x00000000e2800000, 0x00000000e2900000|  0%| F|  |TAMS 0x00000000e2800000, 0x00000000e2800000| Untracked 
|  41|0x00000000e2900000, 0x00000000e2900000, 0x00000000e2a00000|  0%| F|  |TAMS 0x00000000e2900000, 0x00000000e2900000| Untracked 
|  42|0x00000000e2a00000, 0x00000000e2a00000, 0x00000000e2b00000|  0%| F|  |TAMS 0x00000000e2a00000, 0x00000000e2a00000| Untracked 
|  43|0x00000000e2b00000, 0x00000000e2b00000, 0x00000000e2c00000|  0%| F|  |TAMS 0x00000000e2b00000, 0x00000000e2b00000| Untracked 
|  44|0x00000000e2c00000, 0x00000000e2c00000, 0x00000000e2d00000|  0%| F|  |TAMS 0x00000000e2c00000, 0x00000000e2c00000| Untracked 
|  45|0x00000000e2d00000, 0x00000000e2d00000, 0x00000000e2e00000|  0%| F|  |TAMS 0x00000000e2d00000, 0x00000000e2d00000| Untracked 
|  46|0x00000000e2e00000, 0x00000000e2e00000, 0x00000000e2f00000|  0%| F|  |TAMS 0x00000000e2e00000, 0x00000000e2e00000| Untracked 
|  47|0x00000000e2f00000, 0x00000000e2f00000, 0x00000000e3000000|  0%| F|  |TAMS 0x00000000e2f00000, 0x00000000e2f00000| Untracked 
|  48|0x00000000e3000000, 0x00000000e3000000, 0x00000000e3100000|  0%| F|  |TAMS 0x00000000e3000000, 0x00000000e3000000| Untracked 
|  49|0x00000000e3100000, 0x00000000e3100000, 0x00000000e3200000|  0%| F|  |TAMS 0x00000000e3100000, 0x00000000e3100000| Untracked 
|  50|0x00000000e3200000, 0x00000000e3200000, 0x00000000e3300000|  0%| F|  |TAMS 0x00000000e3200000, 0x00000000e3200000| Untracked 
|  51|0x00000000e3300000, 0x00000000e3300000, 0x00000000e3400000|  0%| F|  |TAMS 0x00000000e3300000, 0x00000000e3300000| Untracked 
|  52|0x00000000e3400000, 0x00000000e3400000, 0x00000000e3500000|  0%| F|  |TAMS 0x00000000e3400000, 0x00000000e3400000| Untracked 
|  53|0x00000000e3500000, 0x00000000e3500000, 0x00000000e3600000|  0%| F|  |TAMS 0x00000000e3500000, 0x00000000e3500000| Untracked 
|  54|0x00000000e3600000, 0x00000000e3600000, 0x00000000e3700000|  0%| F|  |TAMS 0x00000000e3600000, 0x00000000e3600000| Untracked 
|  55|0x00000000e3700000, 0x00000000e3700000, 0x00000000e3800000|  0%| F|  |TAMS 0x00000000e3700000, 0x00000000e3700000| Untracked 
|  56|0x00000000e3800000, 0x00000000e3800000, 0x00000000e3900000|  0%| F|  |TAMS 0x00000000e3800000, 0x00000000e3800000| Untracked 
|  57|0x00000000e3900000, 0x00000000e3900000, 0x00000000e3a00000|  0%| F|  |TAMS 0x00000000e3900000, 0x00000000e3900000| Untracked 
|  58|0x00000000e3a00000, 0x00000000e3a00000, 0x00000000e3b00000|  0%| F|  |TAMS 0x00000000e3a00000, 0x00000000e3a00000| Untracked 
|  59|0x00000000e3b00000, 0x00000000e3b00000, 0x00000000e3c00000|  0%| F|  |TAMS 0x00000000e3b00000, 0x00000000e3b00000| Untracked 
|  60|0x00000000e3c00000, 0x00000000e3c00000, 0x00000000e3d00000|  0%| F|  |TAMS 0x00000000e3c00000, 0x00000000e3c00000| Untracked 
|  61|0x00000000e3d00000, 0x00000000e3d00000, 0x00000000e3e00000|  0%| F|  |TAMS 0x00000000e3d00000, 0x00000000e3d00000| Untracked 
|  62|0x00000000e3e00000, 0x00000000e3e00000, 0x00000000e3f00000|  0%| F|  |TAMS 0x00000000e3e00000, 0x00000000e3e00000| Untracked 
|  63|0x00000000e3f00000, 0x00000000e3f00000, 0x00000000e4000000|  0%| F|  |TAMS 0x00000000e3f00000, 0x00000000e3f00000| Untracked 
|  64|0x00000000e4000000, 0x00000000e4000000, 0x00000000e4100000|  0%| F|  |TAMS 0x00000000e4000000, 0x00000000e4000000| Untracked 
|  65|0x00000000e4100000, 0x00000000e4100000, 0x00000000e4200000|  0%| F|  |TAMS 0x00000000e4100000, 0x00000000e4100000| Untracked 
|  66|0x00000000e4200000, 0x00000000e4200000, 0x00000000e4300000|  0%| F|  |TAMS 0x00000000e4200000, 0x00000000e4200000| Untracked 
|  67|0x00000000e4300000, 0x00000000e4300000, 0x00000000e4400000|  0%| F|  |TAMS 0x00000000e4300000, 0x00000000e4300000| Untracked 
|  68|0x00000000e4400000, 0x00000000e4400000, 0x00000000e4500000|  0%| F|  |TAMS 0x00000000e4400000, 0x00000000e4400000| Untracked 
|  69|0x00000000e4500000, 0x00000000e4500000, 0x00000000e4600000|  0%| F|  |TAMS 0x00000000e4500000, 0x00000000e4500000| Untracked 
|  70|0x00000000e4600000, 0x00000000e4600000, 0x00000000e4700000|  0%| F|  |TAMS 0x00000000e4600000, 0x00000000e4600000| Untracked 
|  71|0x00000000e4700000, 0x00000000e4700000, 0x00000000e4800000|  0%| F|  |TAMS 0x00000000e4700000, 0x00000000e4700000| Untracked 
|  72|0x00000000e4800000, 0x00000000e4800000, 0x00000000e4900000|  0%| F|  |TAMS 0x00000000e4800000, 0x00000000e4800000| Untracked 
|  73|0x00000000e4900000, 0x00000000e4900000, 0x00000000e4a00000|  0%| F|  |TAMS 0x00000000e4900000, 0x00000000e4900000| Untracked 
|  74|0x00000000e4a00000, 0x00000000e4a00000, 0x00000000e4b00000|  0%| F|  |TAMS 0x00000000e4a00000, 0x00000000e4a00000| Untracked 
|  75|0x00000000e4b00000, 0x00000000e4b00000, 0x00000000e4c00000|  0%| F|  |TAMS 0x00000000e4b00000, 0x00000000e4b00000| Untracked 
|  76|0x00000000e4c00000, 0x00000000e4c00000, 0x00000000e4d00000|  0%| F|  |TAMS 0x00000000e4c00000, 0x00000000e4c00000| Untracked 
|  77|0x00000000e4d00000, 0x00000000e4d00000, 0x00000000e4e00000|  0%| F|  |TAMS 0x00000000e4d00000, 0x00000000e4d00000| Untracked 
|  78|0x00000000e4e00000, 0x00000000e4e00000, 0x00000000e4f00000|  0%| F|  |TAMS 0x00000000e4e00000, 0x00000000e4e00000| Untracked 
|  79|0x00000000e4f00000, 0x00000000e4f00000, 0x00000000e5000000|  0%| F|  |TAMS 0x00000000e4f00000, 0x00000000e4f00000| Untracked 
|  80|0x00000000e5000000, 0x00000000e5000000, 0x00000000e5100000|  0%| F|  |TAMS 0x00000000e5000000, 0x00000000e5000000| Untracked 
|  81|0x00000000e5100000, 0x00000000e5100000, 0x00000000e5200000|  0%| F|  |TAMS 0x00000000e5100000, 0x00000000e5100000| Untracked 
|  82|0x00000000e5200000, 0x00000000e5200000, 0x00000000e5300000|  0%| F|  |TAMS 0x00000000e5200000, 0x00000000e5200000| Untracked 
|  83|0x00000000e5300000, 0x00000000e5300000, 0x00000000e5400000|  0%| F|  |TAMS 0x00000000e5300000, 0x00000000e5300000| Untracked 
|  84|0x00000000e5400000, 0x00000000e5400000, 0x00000000e5500000|  0%| F|  |TAMS 0x00000000e5400000, 0x00000000e5400000| Untracked 
|  85|0x00000000e5500000, 0x00000000e5500000, 0x00000000e5600000|  0%| F|  |TAMS 0x00000000e5500000, 0x00000000e5500000| Untracked 
|  86|0x00000000e5600000, 0x00000000e5600000, 0x00000000e5700000|  0%| F|  |TAMS 0x00000000e5600000, 0x00000000e5600000| Untracked 
|  87|0x00000000e5700000, 0x00000000e5700000, 0x00000000e5800000|  0%| F|  |TAMS 0x00000000e5700000, 0x00000000e5700000| Untracked 
|  88|0x00000000e5800000, 0x00000000e5800000, 0x00000000e5900000|  0%| F|  |TAMS 0x00000000e5800000, 0x00000000e5800000| Untracked 
|  89|0x00000000e5900000, 0x00000000e5900000, 0x00000000e5a00000|  0%| F|  |TAMS 0x00000000e5900000, 0x00000000e5900000| Untracked 
|  90|0x00000000e5a00000, 0x00000000e5a00000, 0x00000000e5b00000|  0%| F|  |TAMS 0x00000000e5a00000, 0x00000000e5a00000| Untracked 
|  91|0x00000000e5b00000, 0x00000000e5b00000, 0x00000000e5c00000|  0%| F|  |TAMS 0x00000000e5b00000, 0x00000000e5b00000| Untracked 
|  92|0x00000000e5c00000, 0x00000000e5c00000, 0x00000000e5d00000|  0%| F|  |TAMS 0x00000000e5c00000, 0x00000000e5c00000| Untracked 
|  93|0x00000000e5d00000, 0x00000000e5d00000, 0x00000000e5e00000|  0%| F|  |TAMS 0x00000000e5d00000, 0x00000000e5d00000| Untracked 
|  94|0x00000000e5e00000, 0x00000000e5e00000, 0x00000000e5f00000|  0%| F|  |TAMS 0x00000000e5e00000, 0x00000000e5e00000| Untracked 
|  95|0x00000000e5f00000, 0x00000000e5f00000, 0x00000000e6000000|  0%| F|  |TAMS 0x00000000e5f00000, 0x00000000e5f00000| Untracked 
|  96|0x00000000e6000000, 0x00000000e6000000, 0x00000000e6100000|  0%| F|  |TAMS 0x00000000e6000000, 0x00000000e6000000| Untracked 
|  97|0x00000000e6100000, 0x00000000e6100000, 0x00000000e6200000|  0%| F|  |TAMS 0x00000000e6100000, 0x00000000e6100000| Untracked 
|  98|0x00000000e6200000, 0x00000000e6200000, 0x00000000e6300000|  0%| F|  |TAMS 0x00000000e6200000, 0x00000000e6200000| Untracked 
|  99|0x00000000e6300000, 0x00000000e6300000, 0x00000000e6400000|  0%| F|  |TAMS 0x00000000e6300000, 0x00000000e6300000| Untracked 
| 100|0x00000000e6400000, 0x00000000e6400000, 0x00000000e6500000|  0%| F|  |TAMS 0x00000000e6400000, 0x00000000e6400000| Untracked 
| 101|0x00000000e6500000, 0x00000000e6500000, 0x00000000e6600000|  0%| F|  |TAMS 0x00000000e6500000, 0x00000000e6500000| Untracked 
| 102|0x00000000e6600000, 0x00000000e6600000, 0x00000000e6700000|  0%| F|  |TAMS 0x00000000e6600000, 0x00000000e6600000| Untracked 
| 103|0x00000000e6700000, 0x00000000e6700000, 0x00000000e6800000|  0%| F|  |TAMS 0x00000000e6700000, 0x00000000e6700000| Untracked 
| 104|0x00000000e6800000, 0x00000000e6800000, 0x00000000e6900000|  0%| F|  |TAMS 0x00000000e6800000, 0x00000000e6800000| Untracked 
| 105|0x00000000e6900000, 0x00000000e6900000, 0x00000000e6a00000|  0%| F|  |TAMS 0x00000000e6900000, 0x00000000e6900000| Untracked 
| 106|0x00000000e6a00000, 0x00000000e6a00000, 0x00000000e6b00000|  0%| F|  |TAMS 0x00000000e6a00000, 0x00000000e6a00000| Untracked 
| 107|0x00000000e6b00000, 0x00000000e6b00000, 0x00000000e6c00000|  0%| F|  |TAMS 0x00000000e6b00000, 0x00000000e6b00000| Untracked 
| 108|0x00000000e6c00000, 0x00000000e6c00000, 0x00000000e6d00000|  0%| F|  |TAMS 0x00000000e6c00000, 0x00000000e6c00000| Untracked 
| 109|0x00000000e6d00000, 0x00000000e6d00000, 0x00000000e6e00000|  0%| F|  |TAMS 0x00000000e6d00000, 0x00000000e6d00000| Untracked 
| 110|0x00000000e6e00000, 0x00000000e6e00000, 0x00000000e6f00000|  0%| F|  |TAMS 0x00000000e6e00000, 0x00000000e6e00000| Untracked 
| 111|0x00000000e6f00000, 0x00000000e6f00000, 0x00000000e7000000|  0%| F|  |TAMS 0x00000000e6f00000, 0x00000000e6f00000| Untracked 
| 112|0x00000000e7000000, 0x00000000e7000000, 0x00000000e7100000|  0%| F|  |TAMS 0x00000000e7000000, 0x00000000e7000000| Untracked 
| 113|0x00000000e7100000, 0x00000000e7100000, 0x00000000e7200000|  0%| F|  |TAMS 0x00000000e7100000, 0x00000000e7100000| Untracked 
| 114|0x00000000e7200000, 0x00000000e7200000, 0x00000000e7300000|  0%| F|  |TAMS 0x00000000e7200000, 0x00000000e7200000| Untracked 
| 115|0x00000000e7300000, 0x00000000e7300000, 0x00000000e7400000|  0%| F|  |TAMS 0x00000000e7300000, 0x00000000e7300000| Untracked 
| 116|0x00000000e7400000, 0x00000000e7400000, 0x00000000e7500000|  0%| F|  |TAMS 0x00000000e7400000, 0x00000000e7400000| Untracked 
| 117|0x00000000e7500000, 0x00000000e7500000, 0x00000000e7600000|  0%| F|  |TAMS 0x00000000e7500000, 0x00000000e7500000| Untracked 
| 118|0x00000000e7600000, 0x00000000e7600000, 0x00000000e7700000|  0%| F|  |TAMS 0x00000000e7600000, 0x00000000e7600000| Untracked 
| 119|0x00000000e7700000, 0x00000000e7700000, 0x00000000e7800000|  0%| F|  |TAMS 0x00000000e7700000, 0x00000000e7700000| Untracked 
| 120|0x00000000e7800000, 0x00000000e7800000, 0x00000000e7900000|  0%| F|  |TAMS 0x00000000e7800000, 0x00000000e7800000| Untracked 
| 121|0x00000000e7900000, 0x00000000e7900000, 0x00000000e7a00000|  0%| F|  |TAMS 0x00000000e7900000, 0x00000000e7900000| Untracked 
| 122|0x00000000e7a00000, 0x00000000e7a00000, 0x00000000e7b00000|  0%| F|  |TAMS 0x00000000e7a00000, 0x00000000e7a00000| Untracked 
| 123|0x00000000e7b00000, 0x00000000e7b00000, 0x00000000e7c00000|  0%| F|  |TAMS 0x00000000e7b00000, 0x00000000e7b00000| Untracked 
| 124|0x00000000e7c00000, 0x00000000e7c00000, 0x00000000e7d00000|  0%| F|  |TAMS 0x00000000e7c00000, 0x00000000e7c00000| Untracked 
| 125|0x00000000e7d00000, 0x00000000e7d00000, 0x00000000e7e00000|  0%| F|  |TAMS 0x00000000e7d00000, 0x00000000e7d00000| Untracked 
| 126|0x00000000e7e00000, 0x00000000e7e00000, 0x00000000e7f00000|  0%| F|  |TAMS 0x00000000e7e00000, 0x00000000e7e00000| Untracked 
| 127|0x00000000e7f00000, 0x00000000e7f00000, 0x00000000e8000000|  0%| F|  |TAMS 0x00000000e7f00000, 0x00000000e7f00000| Untracked 
| 128|0x00000000e8000000, 0x00000000e8000000, 0x00000000e8100000|  0%| F|  |TAMS 0x00000000e8000000, 0x00000000e8000000| Untracked 
| 129|0x00000000e8100000, 0x00000000e8100000, 0x00000000e8200000|  0%| F|  |TAMS 0x00000000e8100000, 0x00000000e8100000| Untracked 
| 130|0x00000000e8200000, 0x00000000e8200000, 0x00000000e8300000|  0%| F|  |TAMS 0x00000000e8200000, 0x00000000e8200000| Untracked 
| 131|0x00000000e8300000, 0x00000000e8300000, 0x00000000e8400000|  0%| F|  |TAMS 0x00000000e8300000, 0x00000000e8300000| Untracked 
| 132|0x00000000e8400000, 0x00000000e8400000, 0x00000000e8500000|  0%| F|  |TAMS 0x00000000e8400000, 0x00000000e8400000| Untracked 
| 133|0x00000000e8500000, 0x00000000e8500000, 0x00000000e8600000|  0%| F|  |TAMS 0x00000000e8500000, 0x00000000e8500000| Untracked 
| 134|0x00000000e8600000, 0x00000000e86b7138, 0x00000000e8700000| 71%| S|CS|TAMS 0x00000000e8600000, 0x00000000e8600000| Complete 
| 135|0x00000000e8700000, 0x00000000e8800000, 0x00000000e8800000|100%| S|CS|TAMS 0x00000000e8700000, 0x00000000e8700000| Complete 
| 136|0x00000000e8800000, 0x00000000e8900000, 0x00000000e8900000|100%| S|CS|TAMS 0x00000000e8800000, 0x00000000e8800000| Complete 
| 137|0x00000000e8900000, 0x00000000e8a00000, 0x00000000e8a00000|100%| S|CS|TAMS 0x00000000e8900000, 0x00000000e8900000| Complete 
| 138|0x00000000e8a00000, 0x00000000e8b00000, 0x00000000e8b00000|100%| S|CS|TAMS 0x00000000e8a00000, 0x00000000e8a00000| Complete 
| 139|0x00000000e8b00000, 0x00000000e8c00000, 0x00000000e8c00000|100%| S|CS|TAMS 0x00000000e8b00000, 0x00000000e8b00000| Complete 
| 140|0x00000000e8c00000, 0x00000000e8d00000, 0x00000000e8d00000|100%| S|CS|TAMS 0x00000000e8c00000, 0x00000000e8c00000| Complete 
| 141|0x00000000e8d00000, 0x00000000e8e00000, 0x00000000e8e00000|100%| S|CS|TAMS 0x00000000e8d00000, 0x00000000e8d00000| Complete 
| 142|0x00000000e8e00000, 0x00000000e8f00000, 0x00000000e8f00000|100%| S|CS|TAMS 0x00000000e8e00000, 0x00000000e8e00000| Complete 
| 143|0x00000000e8f00000, 0x00000000e9000000, 0x00000000e9000000|100%| S|CS|TAMS 0x00000000e8f00000, 0x00000000e8f00000| Complete 
| 144|0x00000000e9000000, 0x00000000e9100000, 0x00000000e9100000|100%| S|CS|TAMS 0x00000000e9000000, 0x00000000e9000000| Complete 
| 145|0x00000000e9100000, 0x00000000e9200000, 0x00000000e9200000|100%| S|CS|TAMS 0x00000000e9100000, 0x00000000e9100000| Complete 
| 146|0x00000000e9200000, 0x00000000e9200000, 0x00000000e9300000|  0%| F|  |TAMS 0x00000000e9200000, 0x00000000e9200000| Untracked 
| 147|0x00000000e9300000, 0x00000000e9300000, 0x00000000e9400000|  0%| F|  |TAMS 0x00000000e9300000, 0x00000000e9300000| Untracked 
| 148|0x00000000e9400000, 0x00000000e9400000, 0x00000000e9500000|  0%| F|  |TAMS 0x00000000e9400000, 0x00000000e9400000| Untracked 
| 149|0x00000000e9500000, 0x00000000e9500000, 0x00000000e9600000|  0%| F|  |TAMS 0x00000000e9500000, 0x00000000e9500000| Untracked 
| 150|0x00000000e9600000, 0x00000000e9600000, 0x00000000e9700000|  0%| F|  |TAMS 0x00000000e9600000, 0x00000000e9600000| Untracked 
| 151|0x00000000e9700000, 0x00000000e9700000, 0x00000000e9800000|  0%| F|  |TAMS 0x00000000e9700000, 0x00000000e9700000| Untracked 
| 152|0x00000000e9800000, 0x00000000e9800000, 0x00000000e9900000|  0%| F|  |TAMS 0x00000000e9800000, 0x00000000e9800000| Untracked 
| 153|0x00000000e9900000, 0x00000000e9900000, 0x00000000e9a00000|  0%| F|  |TAMS 0x00000000e9900000, 0x00000000e9900000| Untracked 
| 154|0x00000000e9a00000, 0x00000000e9a00000, 0x00000000e9b00000|  0%| F|  |TAMS 0x00000000e9a00000, 0x00000000e9a00000| Untracked 
| 155|0x00000000e9b00000, 0x00000000e9b00000, 0x00000000e9c00000|  0%| F|  |TAMS 0x00000000e9b00000, 0x00000000e9b00000| Untracked 
| 156|0x00000000e9c00000, 0x00000000e9c00000, 0x00000000e9d00000|  0%| F|  |TAMS 0x00000000e9c00000, 0x00000000e9c00000| Untracked 
| 157|0x00000000e9d00000, 0x00000000e9d00000, 0x00000000e9e00000|  0%| F|  |TAMS 0x00000000e9d00000, 0x00000000e9d00000| Untracked 
| 158|0x00000000e9e00000, 0x00000000e9e00000, 0x00000000e9f00000|  0%| F|  |TAMS 0x00000000e9e00000, 0x00000000e9e00000| Untracked 
| 159|0x00000000e9f00000, 0x00000000e9f00000, 0x00000000ea000000|  0%| F|  |TAMS 0x00000000e9f00000, 0x00000000e9f00000| Untracked 
| 160|0x00000000ea000000, 0x00000000ea000000, 0x00000000ea100000|  0%| F|  |TAMS 0x00000000ea000000, 0x00000000ea000000| Untracked 
| 161|0x00000000ea100000, 0x00000000ea100000, 0x00000000ea200000|  0%| F|  |TAMS 0x00000000ea100000, 0x00000000ea100000| Untracked 
| 162|0x00000000ea200000, 0x00000000ea200000, 0x00000000ea300000|  0%| F|  |TAMS 0x00000000ea200000, 0x00000000ea200000| Untracked 
| 163|0x00000000ea300000, 0x00000000ea300000, 0x00000000ea400000|  0%| F|  |TAMS 0x00000000ea300000, 0x00000000ea300000| Untracked 
| 164|0x00000000ea400000, 0x00000000ea400000, 0x00000000ea500000|  0%| F|  |TAMS 0x00000000ea400000, 0x00000000ea400000| Untracked 
| 165|0x00000000ea500000, 0x00000000ea500000, 0x00000000ea600000|  0%| F|  |TAMS 0x00000000ea500000, 0x00000000ea500000| Untracked 
| 166|0x00000000ea600000, 0x00000000ea600000, 0x00000000ea700000|  0%| F|  |TAMS 0x00000000ea600000, 0x00000000ea600000| Untracked 
| 167|0x00000000ea700000, 0x00000000ea700000, 0x00000000ea800000|  0%| F|  |TAMS 0x00000000ea700000, 0x00000000ea700000| Untracked 
| 168|0x00000000ea800000, 0x00000000ea800000, 0x00000000ea900000|  0%| F|  |TAMS 0x00000000ea800000, 0x00000000ea800000| Untracked 
| 169|0x00000000ea900000, 0x00000000ea900000, 0x00000000eaa00000|  0%| F|  |TAMS 0x00000000ea900000, 0x00000000ea900000| Untracked 
| 170|0x00000000eaa00000, 0x00000000eaa80000, 0x00000000eab00000| 50%| E|  |TAMS 0x00000000eaa00000, 0x00000000eaa00000| Complete 
| 171|0x00000000eab00000, 0x00000000eac00000, 0x00000000eac00000|100%| E|CS|TAMS 0x00000000eab00000, 0x00000000eab00000| Complete 
| 172|0x00000000eac00000, 0x00000000ead00000, 0x00000000ead00000|100%| E|CS|TAMS 0x00000000eac00000, 0x00000000eac00000| Complete 
| 173|0x00000000ead00000, 0x00000000eae00000, 0x00000000eae00000|100%| E|CS|TAMS 0x00000000ead00000, 0x00000000ead00000| Complete 
| 174|0x00000000eae00000, 0x00000000eaf00000, 0x00000000eaf00000|100%| E|CS|TAMS 0x00000000eae00000, 0x00000000eae00000| Complete 
| 175|0x00000000eaf00000, 0x00000000eb000000, 0x00000000eb000000|100%| E|CS|TAMS 0x00000000eaf00000, 0x00000000eaf00000| Complete 
| 176|0x00000000eb000000, 0x00000000eb100000, 0x00000000eb100000|100%| E|CS|TAMS 0x00000000eb000000, 0x00000000eb000000| Complete 
| 177|0x00000000eb100000, 0x00000000eb200000, 0x00000000eb200000|100%| E|CS|TAMS 0x00000000eb100000, 0x00000000eb100000| Complete 
| 178|0x00000000eb200000, 0x00000000eb300000, 0x00000000eb300000|100%| E|CS|TAMS 0x00000000eb200000, 0x00000000eb200000| Complete 
| 179|0x00000000eb300000, 0x00000000eb400000, 0x00000000eb400000|100%| E|CS|TAMS 0x00000000eb300000, 0x00000000eb300000| Complete 
| 180|0x00000000eb400000, 0x00000000eb500000, 0x00000000eb500000|100%| E|CS|TAMS 0x00000000eb400000, 0x00000000eb400000| Complete 
| 181|0x00000000eb500000, 0x00000000eb600000, 0x00000000eb600000|100%| E|CS|TAMS 0x00000000eb500000, 0x00000000eb500000| Complete 
| 182|0x00000000eb600000, 0x00000000eb700000, 0x00000000eb700000|100%| E|CS|TAMS 0x00000000eb600000, 0x00000000eb600000| Complete 
| 183|0x00000000eb700000, 0x00000000eb800000, 0x00000000eb800000|100%| E|CS|TAMS 0x00000000eb700000, 0x00000000eb700000| Complete 
| 184|0x00000000eb800000, 0x00000000eb900000, 0x00000000eb900000|100%| E|CS|TAMS 0x00000000eb800000, 0x00000000eb800000| Complete 
| 185|0x00000000eb900000, 0x00000000eba00000, 0x00000000eba00000|100%| E|CS|TAMS 0x00000000eb900000, 0x00000000eb900000| Complete 
| 186|0x00000000eba00000, 0x00000000ebb00000, 0x00000000ebb00000|100%| E|CS|TAMS 0x00000000eba00000, 0x00000000eba00000| Complete 
| 187|0x00000000ebb00000, 0x00000000ebc00000, 0x00000000ebc00000|100%| E|CS|TAMS 0x00000000ebb00000, 0x00000000ebb00000| Complete 
| 188|0x00000000ebc00000, 0x00000000ebd00000, 0x00000000ebd00000|100%| E|CS|TAMS 0x00000000ebc00000, 0x00000000ebc00000| Complete 
| 189|0x00000000ebd00000, 0x00000000ebe00000, 0x00000000ebe00000|100%| E|CS|TAMS 0x00000000ebd00000, 0x00000000ebd00000| Complete 
| 190|0x00000000ebe00000, 0x00000000ebf00000, 0x00000000ebf00000|100%| E|CS|TAMS 0x00000000ebe00000, 0x00000000ebe00000| Complete 
| 191|0x00000000ebf00000, 0x00000000ec000000, 0x00000000ec000000|100%| E|CS|TAMS 0x00000000ebf00000, 0x00000000ebf00000| Complete 
| 192|0x00000000ec000000, 0x00000000ec100000, 0x00000000ec100000|100%| E|CS|TAMS 0x00000000ec000000, 0x00000000ec000000| Complete 
| 193|0x00000000ec100000, 0x00000000ec200000, 0x00000000ec200000|100%| E|CS|TAMS 0x00000000ec100000, 0x00000000ec100000| Complete 
| 194|0x00000000ec200000, 0x00000000ec300000, 0x00000000ec300000|100%| E|CS|TAMS 0x00000000ec200000, 0x00000000ec200000| Complete 
| 195|0x00000000ec300000, 0x00000000ec400000, 0x00000000ec400000|100%| E|CS|TAMS 0x00000000ec300000, 0x00000000ec300000| Complete 
| 196|0x00000000ec400000, 0x00000000ec500000, 0x00000000ec500000|100%| E|CS|TAMS 0x00000000ec400000, 0x00000000ec400000| Complete 
| 197|0x00000000ec500000, 0x00000000ec600000, 0x00000000ec600000|100%| E|CS|TAMS 0x00000000ec500000, 0x00000000ec500000| Complete 
| 198|0x00000000ec600000, 0x00000000ec700000, 0x00000000ec700000|100%| E|CS|TAMS 0x00000000ec600000, 0x00000000ec600000| Complete 
| 199|0x00000000ec700000, 0x00000000ec800000, 0x00000000ec800000|100%| E|CS|TAMS 0x00000000ec700000, 0x00000000ec700000| Complete 
| 200|0x00000000ec800000, 0x00000000ec900000, 0x00000000ec900000|100%| E|CS|TAMS 0x00000000ec800000, 0x00000000ec800000| Complete 
| 201|0x00000000ec900000, 0x00000000eca00000, 0x00000000eca00000|100%| E|CS|TAMS 0x00000000ec900000, 0x00000000ec900000| Complete 
| 202|0x00000000eca00000, 0x00000000ecb00000, 0x00000000ecb00000|100%| E|CS|TAMS 0x00000000eca00000, 0x00000000eca00000| Complete 
| 203|0x00000000ecb00000, 0x00000000ecc00000, 0x00000000ecc00000|100%| E|CS|TAMS 0x00000000ecb00000, 0x00000000ecb00000| Complete 
| 204|0x00000000ecc00000, 0x00000000ecd00000, 0x00000000ecd00000|100%| E|CS|TAMS 0x00000000ecc00000, 0x00000000ecc00000| Complete 
| 205|0x00000000ecd00000, 0x00000000ece00000, 0x00000000ece00000|100%| E|CS|TAMS 0x00000000ecd00000, 0x00000000ecd00000| Complete 
| 206|0x00000000ece00000, 0x00000000ecf00000, 0x00000000ecf00000|100%| E|CS|TAMS 0x00000000ece00000, 0x00000000ece00000| Complete 
| 207|0x00000000ecf00000, 0x00000000ed000000, 0x00000000ed000000|100%| E|CS|TAMS 0x00000000ecf00000, 0x00000000ecf00000| Complete 
| 208|0x00000000ed000000, 0x00000000ed100000, 0x00000000ed100000|100%| E|CS|TAMS 0x00000000ed000000, 0x00000000ed000000| Complete 
| 209|0x00000000ed100000, 0x00000000ed200000, 0x00000000ed200000|100%| E|CS|TAMS 0x00000000ed100000, 0x00000000ed100000| Complete 
| 210|0x00000000ed200000, 0x00000000ed300000, 0x00000000ed300000|100%| E|CS|TAMS 0x00000000ed200000, 0x00000000ed200000| Complete 
| 211|0x00000000ed300000, 0x00000000ed400000, 0x00000000ed400000|100%| E|CS|TAMS 0x00000000ed300000, 0x00000000ed300000| Complete 
| 212|0x00000000ed400000, 0x00000000ed500000, 0x00000000ed500000|100%| E|CS|TAMS 0x00000000ed400000, 0x00000000ed400000| Complete 
| 213|0x00000000ed500000, 0x00000000ed600000, 0x00000000ed600000|100%| E|CS|TAMS 0x00000000ed500000, 0x00000000ed500000| Complete 
| 214|0x00000000ed600000, 0x00000000ed700000, 0x00000000ed700000|100%| E|CS|TAMS 0x00000000ed600000, 0x00000000ed600000| Complete 
| 215|0x00000000ed700000, 0x00000000ed800000, 0x00000000ed800000|100%| E|CS|TAMS 0x00000000ed700000, 0x00000000ed700000| Complete 
| 216|0x00000000ed800000, 0x00000000ed900000, 0x00000000ed900000|100%| E|CS|TAMS 0x00000000ed800000, 0x00000000ed800000| Complete 
| 217|0x00000000ed900000, 0x00000000eda00000, 0x00000000eda00000|100%| E|CS|TAMS 0x00000000ed900000, 0x00000000ed900000| Complete 
| 218|0x00000000eda00000, 0x00000000edb00000, 0x00000000edb00000|100%| E|CS|TAMS 0x00000000eda00000, 0x00000000eda00000| Complete 
| 219|0x00000000edb00000, 0x00000000edc00000, 0x00000000edc00000|100%| E|CS|TAMS 0x00000000edb00000, 0x00000000edb00000| Complete 
| 220|0x00000000edc00000, 0x00000000edd00000, 0x00000000edd00000|100%| E|CS|TAMS 0x00000000edc00000, 0x00000000edc00000| Complete 
| 221|0x00000000edd00000, 0x00000000ede00000, 0x00000000ede00000|100%| E|CS|TAMS 0x00000000edd00000, 0x00000000edd00000| Complete 
| 222|0x00000000ede00000, 0x00000000edf00000, 0x00000000edf00000|100%| E|CS|TAMS 0x00000000ede00000, 0x00000000ede00000| Complete 
| 223|0x00000000edf00000, 0x00000000ee000000, 0x00000000ee000000|100%| E|CS|TAMS 0x00000000edf00000, 0x00000000edf00000| Complete 
| 224|0x00000000ee000000, 0x00000000ee100000, 0x00000000ee100000|100%| E|CS|TAMS 0x00000000ee000000, 0x00000000ee000000| Complete 
| 225|0x00000000ee100000, 0x00000000ee200000, 0x00000000ee200000|100%| E|CS|TAMS 0x00000000ee100000, 0x00000000ee100000| Complete 
| 226|0x00000000ee200000, 0x00000000ee300000, 0x00000000ee300000|100%| E|CS|TAMS 0x00000000ee200000, 0x00000000ee200000| Complete 
| 227|0x00000000ee300000, 0x00000000ee400000, 0x00000000ee400000|100%| E|CS|TAMS 0x00000000ee300000, 0x00000000ee300000| Complete 
| 228|0x00000000ee400000, 0x00000000ee500000, 0x00000000ee500000|100%| E|CS|TAMS 0x00000000ee400000, 0x00000000ee400000| Complete 
| 229|0x00000000ee500000, 0x00000000ee600000, 0x00000000ee600000|100%| E|CS|TAMS 0x00000000ee500000, 0x00000000ee500000| Complete 
| 230|0x00000000ee600000, 0x00000000ee700000, 0x00000000ee700000|100%| E|CS|TAMS 0x00000000ee600000, 0x00000000ee600000| Complete 
| 231|0x00000000ee700000, 0x00000000ee800000, 0x00000000ee800000|100%| E|CS|TAMS 0x00000000ee700000, 0x00000000ee700000| Complete 
| 232|0x00000000ee800000, 0x00000000ee900000, 0x00000000ee900000|100%| E|CS|TAMS 0x00000000ee800000, 0x00000000ee800000| Complete 
| 233|0x00000000ee900000, 0x00000000eea00000, 0x00000000eea00000|100%| E|CS|TAMS 0x00000000ee900000, 0x00000000ee900000| Complete 
| 234|0x00000000eea00000, 0x00000000eeb00000, 0x00000000eeb00000|100%| E|CS|TAMS 0x00000000eea00000, 0x00000000eea00000| Complete 
| 235|0x00000000eeb00000, 0x00000000eec00000, 0x00000000eec00000|100%| E|CS|TAMS 0x00000000eeb00000, 0x00000000eeb00000| Complete 
| 236|0x00000000eec00000, 0x00000000eed00000, 0x00000000eed00000|100%| E|CS|TAMS 0x00000000eec00000, 0x00000000eec00000| Complete 
| 237|0x00000000eed00000, 0x00000000eee00000, 0x00000000eee00000|100%| E|CS|TAMS 0x00000000eed00000, 0x00000000eed00000| Complete 
| 238|0x00000000eee00000, 0x00000000eef00000, 0x00000000eef00000|100%| E|CS|TAMS 0x00000000eee00000, 0x00000000eee00000| Complete 
| 239|0x00000000eef00000, 0x00000000ef000000, 0x00000000ef000000|100%| E|CS|TAMS 0x00000000eef00000, 0x00000000eef00000| Complete 
| 240|0x00000000ef000000, 0x00000000ef100000, 0x00000000ef100000|100%| E|CS|TAMS 0x00000000ef000000, 0x00000000ef000000| Complete 
| 241|0x00000000ef100000, 0x00000000ef200000, 0x00000000ef200000|100%| E|CS|TAMS 0x00000000ef100000, 0x00000000ef100000| Complete 
| 242|0x00000000ef200000, 0x00000000ef300000, 0x00000000ef300000|100%| E|CS|TAMS 0x00000000ef200000, 0x00000000ef200000| Complete 
| 243|0x00000000ef300000, 0x00000000ef400000, 0x00000000ef400000|100%| E|CS|TAMS 0x00000000ef300000, 0x00000000ef300000| Complete 
| 244|0x00000000ef400000, 0x00000000ef500000, 0x00000000ef500000|100%| E|CS|TAMS 0x00000000ef400000, 0x00000000ef400000| Complete 
| 245|0x00000000ef500000, 0x00000000ef600000, 0x00000000ef600000|100%| E|CS|TAMS 0x00000000ef500000, 0x00000000ef500000| Complete 
| 246|0x00000000ef600000, 0x00000000ef700000, 0x00000000ef700000|100%| E|CS|TAMS 0x00000000ef600000, 0x00000000ef600000| Complete 
| 247|0x00000000ef700000, 0x00000000ef800000, 0x00000000ef800000|100%| E|CS|TAMS 0x00000000ef700000, 0x00000000ef700000| Complete 
| 248|0x00000000ef800000, 0x00000000ef900000, 0x00000000ef900000|100%| E|CS|TAMS 0x00000000ef800000, 0x00000000ef800000| Complete 
| 249|0x00000000ef900000, 0x00000000efa00000, 0x00000000efa00000|100%| E|CS|TAMS 0x00000000ef900000, 0x00000000ef900000| Complete 
| 250|0x00000000efa00000, 0x00000000efb00000, 0x00000000efb00000|100%| E|CS|TAMS 0x00000000efa00000, 0x00000000efa00000| Complete 
| 251|0x00000000efb00000, 0x00000000efc00000, 0x00000000efc00000|100%| E|CS|TAMS 0x00000000efb00000, 0x00000000efb00000| Complete 
| 252|0x00000000efc00000, 0x00000000efd00000, 0x00000000efd00000|100%| E|CS|TAMS 0x00000000efc00000, 0x00000000efc00000| Complete 
| 253|0x00000000efd00000, 0x00000000efe00000, 0x00000000efe00000|100%| E|CS|TAMS 0x00000000efd00000, 0x00000000efd00000| Complete 
| 254|0x00000000efe00000, 0x00000000eff00000, 0x00000000eff00000|100%| E|CS|TAMS 0x00000000efe00000, 0x00000000efe00000| Complete 
| 255|0x00000000eff00000, 0x00000000f0000000, 0x00000000f0000000|100%| E|CS|TAMS 0x00000000eff00000, 0x00000000eff00000| Complete 

Card table byte_map: [0x000001b444520000,0x000001b444620000] _byte_map_base: 0x000001b443e20000

Marking Bits (Prev, Next): (CMBitMap*) 0x000001b42d3cb0d0, (CMBitMap*) 0x000001b42d3cb090
 Prev Bits: [0x000001b444f20000, 0x000001b445720000)
 Next Bits: [0x000001b444720000, 0x000001b444f20000)

Polling page: 0x000001b42b1d0000

Metaspace:

Usage:
  Non-class:     21.61 MB used.
      Class:      3.75 MB used.
       Both:     25.36 MB used.

Virtual space:
  Non-class space:       64.00 MB reserved,      21.81 MB ( 34%) committed,  1 nodes.
      Class space:      320.00 MB reserved,       3.88 MB (  1%) committed,  1 nodes.
             Both:      384.00 MB reserved,      25.69 MB (  7%) committed. 

Chunk freelists:
   Non-Class:  9.56 MB
       Class:  12.12 MB
        Both:  21.69 MB

MaxMetaspaceSize: 384.00 MB
CompressedClassSpaceSize: 320.00 MB
Initial GC threshold: 21.00 MB
Current GC threshold: 35.25 MB
CDS: on
MetaspaceReclaimPolicy: balanced
 - commit_granule_bytes: 65536.
 - commit_granule_words: 8192.
 - virtual_space_node_default_size: 8388608.
 - enlarge_chunks_in_place: 1.
 - new_chunks_are_fully_committed: 0.
 - uncommit_free_chunks: 1.
 - use_allocation_guard: 0.
 - handle_deallocations: 1.


Internal statistics:

num_allocs_failed_limit: 3.
num_arena_births: 360.
num_arena_deaths: 0.
num_vsnodes_births: 2.
num_vsnodes_deaths: 0.
num_space_committed: 411.
num_space_uncommitted: 0.
num_chunks_returned_to_freelist: 3.
num_chunks_taken_from_freelist: 1364.
num_chunk_merges: 3.
num_chunk_splits: 876.
num_chunks_enlarged: 609.
num_inconsistent_stats: 0.

CodeHeap 'non-profiled nmethods': size=120000Kb used=2479Kb max_used=2479Kb free=117520Kb
 bounds [0x000001b43c9a0000, 0x000001b43cc10000, 0x000001b443ed0000]
CodeHeap 'profiled nmethods': size=120000Kb used=7784Kb max_used=7784Kb free=112215Kb
 bounds [0x000001b434ed0000, 0x000001b435670000, 0x000001b43c400000]
CodeHeap 'non-nmethods': size=5760Kb used=1254Kb max_used=1300Kb free=4505Kb
 bounds [0x000001b43c400000, 0x000001b43c670000, 0x000001b43c9a0000]
 total_blobs=4423 nmethods=3861 adapters=473
 compilation: enabled
              stopped_count=0, restarted_count=0
 full_count=0

Compilation events (20 events):
Event: 574.412 Thread 0x000001b448399610 3877       3       java.lang.CharacterDataLatin1::isJavaIdentifierPart (20 bytes)
Event: 574.412 Thread 0x000001b448399610 nmethod 3877 0x000001b435662790 code [0x000001b435662940, 0x000001b435662b38]
Event: 574.429 Thread 0x000001b448399610 3880       3       java.lang.Class::getPackageName (81 bytes)
Event: 574.429 Thread 0x000001b448399610 nmethod 3880 0x000001b435662c90 code [0x000001b435662f20, 0x000001b435663988]
Event: 574.472 Thread 0x000001b448399610 3881       3       java.util.ImmutableCollections$ListItr::hasNext (17 bytes)
Event: 574.472 Thread 0x000001b448399610 nmethod 3881 0x000001b435663d90 code [0x000001b435663f20, 0x000001b435664098]
Event: 574.504 Thread 0x000001b448399610 3882   !   3       java.net.URL::<init> (543 bytes)
Event: 574.516 Thread 0x000001b448399610 nmethod 3882 0x000001b435664110 code [0x000001b4356647a0, 0x000001b435668048]
Event: 574.532 Thread 0x000001b448399610 3883       1       java.lang.reflect.Constructor::getSharedParameterTypes (5 bytes)
Event: 574.532 Thread 0x000001b448399610 nmethod 3883 0x000001b43cbf7890 code [0x000001b43cbf7a20, 0x000001b43cbf7af8]
Event: 574.549 Thread 0x000001b44838bda0 nmethod 3868 0x000001b43cbf7b90 code [0x000001b43cbf8200, 0x000001b43cc003b0]
Event: 574.550 Thread 0x000001b44838bda0 3871   !   4       java.lang.ClassLoader::loadClass (121 bytes)
Event: 574.569 Thread 0x000001b44838bda0 nmethod 3871 0x000001b43cc06e90 code [0x000001b43cc070c0, 0x000001b43cc07f40]
Event: 574.569 Thread 0x000001b44838bda0 3878   !   4       java.io.BufferedReader::readLine (327 bytes)
Event: 574.615 Thread 0x000001b44838bda0 nmethod 3878 0x000001b43cc08b10 code [0x000001b43cc08d00, 0x000001b43cc0a7d8]
Event: 574.615 Thread 0x000001b44838bda0 3873       4       java.lang.String::startsWith (7 bytes)
Event: 574.620 Thread 0x000001b44838bda0 nmethod 3873 0x000001b43cc0b590 code [0x000001b43cc0b720, 0x000001b43cc0b978]
Event: 574.620 Thread 0x000001b44838bda0 3879       4       java.lang.Character::charCount (12 bytes)
Event: 574.620 Thread 0x000001b44838bda0 nmethod 3879 0x000001b43cc0bb90 code [0x000001b43cc0bd00, 0x000001b43cc0bd78]
Event: 574.620 Thread 0x000001b44838bda0 3869   !   4       java.net.URLClassLoader$1::run (81 bytes)

GC Heap History (8 events):
Event: 7.639 GC heap before
{Heap before GC invocations=0 (full 0):
 garbage-first heap   total 262144K, used 22528K [0x00000000e0000000, 0x0000000100000000)
  region size 1024K, 23 young (23552K), 0 survivors (0K)
 Metaspace       used 1101K, committed 1216K, reserved 393216K
  class space    used 73K, committed 128K, reserved 327680K
}
Event: 8.517 GC heap after
{Heap after GC invocations=1 (full 0):
 garbage-first heap   total 262144K, used 3894K [0x00000000e0000000, 0x0000000100000000)
  region size 1024K, 3 young (3072K), 3 survivors (3072K)
 Metaspace       used 1101K, committed 1216K, reserved 393216K
  class space    used 73K, committed 128K, reserved 327680K
}
Event: 12.959 GC heap before
{Heap before GC invocations=1 (full 0):
 garbage-first heap   total 262144K, used 40758K [0x00000000e0000000, 0x0000000100000000)
  region size 1024K, 36 young (36864K), 3 survivors (3072K)
 Metaspace       used 4383K, committed 4544K, reserved 393216K
  class space    used 545K, committed 640K, reserved 327680K
}
Event: 12.963 GC heap after
{Heap after GC invocations=2 (full 0):
 garbage-first heap   total 262144K, used 11128K [0x00000000e0000000, 0x0000000100000000)
  region size 1024K, 5 young (5120K), 5 survivors (5120K)
 Metaspace       used 4383K, committed 4544K, reserved 393216K
  class space    used 545K, committed 640K, reserved 327680K
}
Event: 18.996 GC heap before
{Heap before GC invocations=2 (full 0):
 garbage-first heap   total 262144K, used 61304K [0x00000000e0000000, 0x0000000100000000)
  region size 1024K, 52 young (53248K), 5 survivors (5120K)
 Metaspace       used 5273K, committed 5440K, reserved 393216K
  class space    used 697K, committed 768K, reserved 327680K
}
Event: 19.001 GC heap after
{Heap after GC invocations=3 (full 0):
 garbage-first heap   total 262144K, used 17112K [0x00000000e0000000, 0x0000000100000000)
  region size 1024K, 5 young (5120K), 5 survivors (5120K)
 Metaspace       used 5273K, committed 5440K, reserved 393216K
  class space    used 697K, committed 768K, reserved 327680K
}
Event: 43.804 GC heap before
{Heap before GC invocations=3 (full 0):
 garbage-first heap   total 262144K, used 123608K [0x00000000e0000000, 0x0000000100000000)
  region size 1024K, 110 young (112640K), 5 survivors (5120K)
 Metaspace       used 21212K, committed 21504K, reserved 393216K
  class space    used 3107K, committed 3264K, reserved 327680K
}
Event: 44.597 GC heap after
{Heap after GC invocations=4 (full 0):
 garbage-first heap   total 262144K, used 24142K [0x00000000e0000000, 0x0000000100000000)
  region size 1024K, 12 young (12288K), 12 survivors (12288K)
 Metaspace       used 21212K, committed 21504K, reserved 393216K
  class space    used 3107K, committed 3264K, reserved 327680K
}

Dll operation events (15 events):
Event: 1.003 Loaded shared library C:\Program Files\Microsoft\jdk-17.0.13.11-hotspot\bin\java.dll
Event: 1.099 Loaded shared library C:\Program Files\Microsoft\jdk-17.0.13.11-hotspot\bin\jsvml.dll
Event: 1.916 Loaded shared library C:\Program Files\Microsoft\jdk-17.0.13.11-hotspot\bin\zip.dll
Event: 1.920 Loaded shared library C:\Program Files\Microsoft\jdk-17.0.13.11-hotspot\bin\instrument.dll
Event: 2.043 Loaded shared library C:\Program Files\Microsoft\jdk-17.0.13.11-hotspot\bin\net.dll
Event: 2.886 Loaded shared library C:\Program Files\Microsoft\jdk-17.0.13.11-hotspot\bin\nio.dll
Event: 2.892 Loaded shared library C:\Program Files\Microsoft\jdk-17.0.13.11-hotspot\bin\zip.dll
Event: 5.823 Loaded shared library C:\Program Files\Microsoft\jdk-17.0.13.11-hotspot\bin\jimage.dll
Event: 8.872 Loaded shared library C:\Program Files\Microsoft\jdk-17.0.13.11-hotspot\bin\verify.dll
Event: 10.324 Loaded shared library C:\Users\DLCH\.gradle\native\1def1411415f61bf3af743bc5b6707747c0891f09f0c88961ee8f79bc544acac\windows-amd64\native-platform.dll
Event: 10.349 Loaded shared library C:\Users\DLCH\.gradle\native\0.2.6\x86_64-windows-gnu\gradle-fileevents.dll
Event: 19.147 Loaded shared library C:\Program Files\Microsoft\jdk-17.0.13.11-hotspot\bin\management.dll
Event: 19.154 Loaded shared library C:\Program Files\Microsoft\jdk-17.0.13.11-hotspot\bin\management_ext.dll
Event: 21.121 Loaded shared library C:\Program Files\Microsoft\jdk-17.0.13.11-hotspot\bin\extnet.dll
Event: 29.380 Loaded shared library C:\Program Files\Microsoft\jdk-17.0.13.11-hotspot\bin\sunmscapi.dll

Deoptimization events (20 events):
Event: 572.199 Thread 0x000001b4486a3740 DEOPT PACKING pc=0x000001b43ca14e4c sp=0x000000116d5fa260
Event: 572.199 Thread 0x000001b4486a3740 DEOPT UNPACKING pc=0x000001b43c4569a3 sp=0x000000116d5fa260 mode 2
Event: 572.199 Thread 0x000001b4486a3740 Uncommon trap: trap_request=0xffffffde fr.pc=0x000001b43cb00034 relative=0x0000000000003c34
Event: 572.200 Thread 0x000001b4486a3740 Uncommon trap: reason=class_check action=maybe_recompile pc=0x000001b43cb00034 method=jdk.internal.loader.URLClassPath.getResource(Ljava/lang/String;Z)Ljdk/internal/loader/Resource; @ 53 c2
Event: 572.200 Thread 0x000001b4486a3740 DEOPT PACKING pc=0x000001b43cb00034 sp=0x000000116d5fa330
Event: 572.200 Thread 0x000001b4486a3740 DEOPT UNPACKING pc=0x000001b43c4569a3 sp=0x000000116d5fa180 mode 2
Event: 572.201 Thread 0x000001b4486a3740 Uncommon trap: trap_request=0xffffff45 fr.pc=0x000001b43cb28d28 relative=0x0000000000003868
Event: 572.201 Thread 0x000001b4486a3740 Uncommon trap: reason=unstable_if action=reinterpret pc=0x000001b43cb28d28 method=java.lang.String.regionMatches(ZILjava/lang/String;II)Z @ 36 c2
Event: 572.201 Thread 0x000001b4486a3740 DEOPT PACKING pc=0x000001b43cb28d28 sp=0x000000116d5fa010
Event: 572.201 Thread 0x000001b4486a3740 DEOPT UNPACKING pc=0x000001b43c4569a3 sp=0x000000116d5f9f30 mode 2
Event: 572.651 Thread 0x000001b4486a3740 DEOPT PACKING pc=0x000001b43530befc sp=0x000000116d5f9800
Event: 572.652 Thread 0x000001b4486a3740 DEOPT UNPACKING pc=0x000001b43c457143 sp=0x000000116d5f8d80 mode 0
Event: 572.664 Thread 0x000001b4486a3740 Uncommon trap: trap_request=0xffffff45 fr.pc=0x000001b43cab4e80 relative=0x00000000000000e0
Event: 572.664 Thread 0x000001b4486a3740 Uncommon trap: reason=unstable_if action=reinterpret pc=0x000001b43cab4e80 method=java.lang.ClassLoader.getClassLoadingLock(Ljava/lang/String;)Ljava/lang/Object; @ 6 c2
Event: 572.664 Thread 0x000001b4486a3740 DEOPT PACKING pc=0x000001b43cab4e80 sp=0x000000116d5f8800
Event: 572.664 Thread 0x000001b4486a3740 DEOPT UNPACKING pc=0x000001b43c4569a3 sp=0x000000116d5f87a0 mode 2
Event: 572.815 Thread 0x000001b4486a3740 Uncommon trap: trap_request=0xffffff45 fr.pc=0x000001b43cb31de4 relative=0x0000000000000724
Event: 572.815 Thread 0x000001b4486a3740 Uncommon trap: reason=unstable_if action=reinterpret pc=0x000001b43cb31de4 method=java.lang.Class.getPackageName()Ljava/lang/String; @ 55 c2
Event: 572.815 Thread 0x000001b4486a3740 DEOPT PACKING pc=0x000001b43cb31de4 sp=0x000000116d5f9f30
Event: 572.816 Thread 0x000001b4486a3740 DEOPT UNPACKING pc=0x000001b43c4569a3 sp=0x000000116d5f9ef0 mode 2

Classes loaded (20 events):
Event: 572.165 Loading class jdk/internal/loader/URLClassPath$FileLoader
Event: 572.172 Loading class jdk/internal/loader/URLClassPath$FileLoader done
Event: 572.211 Loading class jdk/internal/loader/URLClassPath$FileLoader$1
Event: 572.212 Loading class jdk/internal/loader/URLClassPath$FileLoader$1 done
Event: 573.392 Loading class java/beans/Transient
Event: 573.398 Loading class java/beans/Transient done
Event: 573.699 Loading class java/util/stream/IntPipeline$1
Event: 573.703 Loading class java/util/stream/IntPipeline$1 done
Event: 573.724 Loading class java/util/stream/Nodes$FixedNodeBuilder
Event: 573.731 Loading class java/util/stream/Nodes$ArrayNode
Event: 573.742 Loading class java/util/stream/Nodes$ArrayNode done
Event: 573.742 Loading class java/util/stream/Nodes$FixedNodeBuilder done
Event: 573.743 Loading class java/util/stream/IntPipeline$1$1
Event: 573.745 Loading class java/util/stream/IntPipeline$1$1 done
Event: 573.920 Loading class java/lang/IllegalAccessError
Event: 573.923 Loading class java/lang/IllegalAccessError done
Event: 574.152 Loading class java/lang/ProcessBuilder
Event: 574.157 Loading class java/lang/ProcessBuilder done
Event: 574.157 Loading class java/lang/Process
Event: 574.160 Loading class java/lang/Process done

Classes unloaded (0 events):
No events

Classes redefined (0 events):
No events

Internal exceptions (20 events):
Event: 43.676 Thread 0x000001b4486a3740 Exception <a 'java/lang/NoSuchMethodError'{0x00000000e9509048}: 'java.lang.Object java.lang.invoke.DirectMethodHandle$Holder.invokeStaticInit(java.lang.Object, java.lang.Object, java.lang.Object, java.lang.Object)'> (0x00000000e9509048) 
thrown [s\src\hotspot\share\interpreter\linkResolver.cpp, line 759]
Event: 43.731 Thread 0x000001b4486a3740 Exception <a 'java/lang/NoSuchMethodError'{0x00000000e94c0d50}: 'java.lang.Object java.lang.invoke.DirectMethodHandle$Holder.newInvokeSpecial(java.lang.Object, java.lang.Object, java.lang.Object, java.lang.Object, java.lang.Object, java.lang.Object, java.lang.Object, java.lang.Object)'> (0x00000000e94c0d50) 
thrown [s\src\hotspot\share\interpreter\linkResolver.cpp, line 759]
Event: 43.732 Thread 0x000001b4486a3740 Exception <a 'java/lang/NoSuchMethodError'{0x00000000e94c6758}: 'java.lang.Object java.lang.invoke.DirectMethodHandle$Holder.invokeSpecial(java.lang.Object, java.lang.Object, java.lang.Object, java.lang.Object, java.lang.Object, java.lang.Object, java.lang.Object, java.lang.Object, java.lang.Object)'> (0x00000000e94c6758) 
thrown [s\src\hotspot\share\interpreter\linkResolver.cpp, line 759]
Event: 43.732 Thread 0x000001b4486a3740 Exception <a 'java/lang/NoSuchMethodError'{0x00000000e94cbb08}: 'java.lang.Object java.lang.invoke.Invokers$Holder.linkToTargetMethod(java.lang.Object, java.lang.Object, java.lang.Object, java.lang.Object, java.lang.Object, java.lang.Object, java.lang.Object, java.lang.Object)'> (0x00000000e94cbb08) 
thrown [s\src\hotspot\share\interpreter\linkResolver.cpp, line 759]
Event: 43.745 Thread 0x000001b4486a3740 Exception <a 'java/lang/NoSuchMethodError'{0x00000000e9319178}: 'void java.lang.invoke.DirectMethodHandle$Holder.invokeStatic(java.lang.Object, java.lang.Object, java.lang.Object, java.lang.Object)'> (0x00000000e9319178) 
thrown [s\src\hotspot\share\interpreter\linkResolver.cpp, line 759]
Event: 44.645 Thread 0x000001b4486a3740 Exception <a 'java/lang/NoSuchMethodError'{0x00000000effacae8}: 'void java.lang.invoke.DirectMethodHandle$Holder.invokeStaticInit(java.lang.Object, java.lang.Object)'> (0x00000000effacae8) 
thrown [s\src\hotspot\share\interpreter\linkResolver.cpp, line 759]
Event: 45.162 Thread 0x000001b4486a3740 Exception <a 'java/lang/NoSuchMethodError'{0x00000000ef9ef098}: 'int java.lang.invoke.DirectMethodHandle$Holder.invokeVirtual(java.lang.Object, java.lang.Object)'> (0x00000000ef9ef098) 
thrown [s\src\hotspot\share\interpreter\linkResolver.cpp, line 759]
Event: 46.513 Thread 0x000001b4486a3740 Exception <a 'java/lang/IncompatibleClassChangeError'{0x00000000eec45a68}: Found class java.lang.Object, but interface was expected> (0x00000000eec45a68) 
thrown [s\src\hotspot\share\interpreter\linkResolver.cpp, line 826]
Event: 51.694 Thread 0x000001b4486a3740 Exception <a 'java/lang/NoSuchMethodError'{0x00000000eea8b200}: 'java.lang.Object java.lang.invoke.DirectMethodHandle$Holder.newInvokeSpecial(java.lang.Object, java.lang.Object, long)'> (0x00000000eea8b200) 
thrown [s\src\hotspot\share\interpreter\linkResolver.cpp, line 759]
Event: 51.695 Thread 0x000001b4486a3740 Exception <a 'java/lang/NoSuchMethodError'{0x00000000eea8f810}: 'java.lang.Object java.lang.invoke.Invokers$Holder.linkToTargetMethod(java.lang.Object, long, java.lang.Object)'> (0x00000000eea8f810) 
thrown [s\src\hotspot\share\interpreter\linkResolver.cpp, line 759]
Event: 52.047 Thread 0x000001b4486a3740 Exception <a 'java/lang/NoSuchMethodError'{0x00000000ee8f38c8}: 'int java.lang.invoke.DirectMethodHandle$Holder.invokeInterface(java.lang.Object, java.lang.Object)'> (0x00000000ee8f38c8) 
thrown [s\src\hotspot\share\interpreter\linkResolver.cpp, line 759]
Event: 52.098 Thread 0x000001b4486a3740 Exception <a 'java/lang/NoSuchMethodError'{0x00000000ee783590}: 'java.lang.Object java.lang.invoke.DirectMethodHandle$Holder.invokeVirtual(java.lang.Object, java.lang.Object, int)'> (0x00000000ee783590) 
thrown [s\src\hotspot\share\interpreter\linkResolver.cpp, line 759]
Event: 85.139 Thread 0x000001b4486a3740 Exception <a 'java/lang/NoSuchMethodError'{0x00000000ee449a50}: 'java.lang.Object java.lang.invoke.DirectMethodHandle$Holder.invokeStatic(java.lang.Object, java.lang.Object, int, java.lang.Object)'> (0x00000000ee449a50) 
thrown [s\src\hotspot\share\interpreter\linkResolver.cpp, line 759]
Event: 85.145 Thread 0x000001b4486a3740 Exception <a 'java/lang/NoSuchMethodError'{0x00000000ee4519d0}: 'java.lang.Object java.lang.invoke.DirectMethodHandle$Holder.newInvokeSpecial(java.lang.Object, java.lang.Object, int, java.lang.Object)'> (0x00000000ee4519d0) 
thrown [s\src\hotspot\share\interpreter\linkResolver.cpp, line 759]
Event: 85.146 Thread 0x000001b4486a3740 Exception <a 'java/lang/NoSuchMethodError'{0x00000000ee4563b0}: 'java.lang.Object java.lang.invoke.DirectMethodHandle$Holder.invokeSpecial(java.lang.Object, java.lang.Object, java.lang.Object, int, java.lang.Object)'> (0x00000000ee4563b0) 
thrown [s\src\hotspot\share\interpreter\linkResolver.cpp, line 759]
Event: 137.752 Thread 0x000001b448e19f50 Exception <a 'java/lang/NoSuchMethodError'{0x00000000edd3cc28}: 'void java.lang.invoke.DirectMethodHandle$Holder.invokeSpecial(java.lang.Object, java.lang.Object, java.lang.Object, int)'> (0x00000000edd3cc28) 
thrown [s\src\hotspot\share\interpreter\linkResolver.cpp, line 759]
Event: 138.291 Thread 0x000001b448e19f50 Exception <a 'java/lang/NoSuchMethodError'{0x00000000edd85058}: static Lorg/gradle/launcher/daemon/protocol/Command;.<clinit>()V> (0x00000000edd85058) 
thrown [s\src\hotspot\share\prims\jni.cpp, line 1112]
Event: 138.348 Thread 0x000001b448e19f50 Exception <a 'java/lang/NoSuchMethodError'{0x00000000edd90410}: static Lorg/gradle/launcher/daemon/protocol/InvalidateVirtualFileSystemAfterChange;.<clinit>()V> (0x00000000edd90410) 
thrown [s\src\hotspot\share\prims\jni.cpp, line 1112]
Event: 574.102 Thread 0x000001b4486a3740 Exception <a 'java/lang/NoSuchMethodError'{0x00000000ead9b2f0}: 'java.lang.Object java.lang.invoke.DirectMethodHandle$Holder.invokeStaticInit(java.lang.Object, java.lang.Object, java.lang.Object, java.lang.Object, java.lang.Object, java.lang.Object, java.lang.Object)'> (0x00000000ead9b2f0) 
thrown [s\src\hotspot\share\interpreter\linkResolver.cpp, line 759]
Event: 574.180 Thread 0x000001b4486a3740 Exception <a 'java/lang/NoSuchMethodError'{0x00000000eadc4e40}: 'java.lang.Object java.lang.invoke.DirectMethodHandle$Holder.invokeSpecial(java.lang.Object, java.lang.Object, java.lang.Object, int, java.lang.Object, java.lang.Object)'> (0x00000000eadc4e40) 
thrown [s\src\hotspot\share\interpreter\linkResolver.cpp, line 759]

VM Operations (20 events):
Event: 539.734 Executing VM operation: Cleanup
Event: 539.734 Executing VM operation: Cleanup done
Event: 540.746 Executing VM operation: Cleanup
Event: 540.746 Executing VM operation: Cleanup done
Event: 569.034 Executing VM operation: Cleanup
Event: 569.095 Executing VM operation: Cleanup done
Event: 570.109 Executing VM operation: Cleanup
Event: 570.109 Executing VM operation: Cleanup done
Event: 571.119 Executing VM operation: Cleanup
Event: 571.119 Executing VM operation: Cleanup done
Event: 572.636 Executing VM operation: HandshakeAllThreads
Event: 572.641 Executing VM operation: HandshakeAllThreads done
Event: 572.641 Executing VM operation: Cleanup
Event: 572.641 Executing VM operation: Cleanup done
Event: 572.642 Executing VM operation: HandshakeAllThreads
Event: 572.642 Executing VM operation: HandshakeAllThreads done
Event: 573.654 Executing VM operation: Cleanup
Event: 573.669 Executing VM operation: Cleanup done
Event: 574.679 Executing VM operation: Cleanup
Event: 574.710 Executing VM operation: Cleanup done

Memory protections (0 events):
No events

Nmethod flushes (0 events):
No events

Events (20 events):
Event: 39.905 Thread 0x000001b4486a2d20 Thread added: 0x000001b4486a4160
Event: 39.917 Thread 0x000001b4486a3740 Thread added: 0x000001b4486a2300
Event: 40.060 Thread 0x000001b448399610 Thread added: 0x000001b4636b07f0
Event: 40.479 Thread 0x000001b4636b07f0 Thread exited: 0x000001b4636b07f0
Event: 42.319 Thread 0x000001b448399610 Thread added: 0x000001b464077bb0
Event: 42.690 Thread 0x000001b464077bb0 Thread exited: 0x000001b464077bb0
Event: 43.037 Thread 0x000001b448399610 Thread added: 0x000001b464d62040
Event: 43.315 Thread 0x000001b4486a3740 Thread added: 0x000001b4486a4b80
Event: 43.432 Thread 0x000001b4486a3740 Thread added: 0x000001b448e171c0
Event: 44.880 Thread 0x000001b4486a3740 Thread added: 0x000001b448e176d0
Event: 45.114 Thread 0x000001b464d62040 Thread exited: 0x000001b464d62040
Event: 45.159 Thread 0x000001b4486a3740 Thread added: 0x000001b448e18600
Event: 85.153 Thread 0x000001b4486a3740 Thread added: 0x000001b448e180f0
Event: 137.192 Thread 0x000001b448773740 Thread added: 0x000001b448e18b10
Event: 137.202 Thread 0x000001b448e18b10 Thread added: 0x000001b448e19f50
Event: 138.472 Thread 0x000001b448e19f50 Thread exited: 0x000001b448e19f50
Event: 147.088 Thread 0x000001b4486a4160 Thread exited: 0x000001b4486a4160
Event: 198.513 Thread 0x000001b448e18b10 Thread exited: 0x000001b448e18b10
Event: 569.038 Thread 0x000001b4486a2d20 Thread added: 0x000001b448e167a0
Event: 569.221 Thread 0x000001b4486a3740 Thread added: 0x000001b448e16cb0


Dynamic libraries:
0x00007ff7a2210000 - 0x00007ff7a221e000 	C:\Program Files\Microsoft\jdk-17.0.13.11-hotspot\bin\java.exe
0x00007ffd43f80000 - 0x00007ffd441e3000 	C:\WINDOWS\SYSTEM32\ntdll.dll
0x00007ffd42f00000 - 0x00007ffd42fc7000 	C:\WINDOWS\System32\KERNEL32.DLL
0x00007ffd41660000 - 0x00007ffd41a27000 	C:\WINDOWS\System32\KERNELBASE.dll
0x00007ffd41bb0000 - 0x00007ffd41cfc000 	C:\WINDOWS\System32\ucrtbase.dll
0x00007ffd17ed0000 - 0x00007ffd17eed000 	C:\Program Files\Microsoft\jdk-17.0.13.11-hotspot\bin\VCRUNTIME140.dll
0x00007ffd23dd0000 - 0x00007ffd23de7000 	C:\Program Files\Microsoft\jdk-17.0.13.11-hotspot\bin\jli.dll
0x00007ffd42d10000 - 0x00007ffd42ed9000 	C:\WINDOWS\System32\USER32.dll
0x00007ffd41320000 - 0x00007ffd41347000 	C:\WINDOWS\System32\win32u.dll
0x00007ffd41e50000 - 0x00007ffd41e7a000 	C:\WINDOWS\System32\GDI32.dll
0x00007ffd41350000 - 0x00007ffd4147b000 	C:\WINDOWS\System32\gdi32full.dll
0x00007ffd41480000 - 0x00007ffd41523000 	C:\WINDOWS\System32\msvcp_win.dll
0x00007ffd29440000 - 0x00007ffd296d0000 	C:\WINDOWS\WinSxS\amd64_microsoft.windows.common-controls_6595b64144ccf1df_6.0.26100.3037_none_3e09262ce333c378\COMCTL32.dll
0x00007ffd43d30000 - 0x00007ffd43dd9000 	C:\WINDOWS\System32\msvcrt.dll
0x00007ffd42590000 - 0x00007ffd425bf000 	C:\WINDOWS\System32\IMM32.DLL
0x00007ffd3c510000 - 0x00007ffd3c51c000 	C:\Program Files\Microsoft\jdk-17.0.13.11-hotspot\bin\vcruntime140_1.dll
0x00007ffd0de50000 - 0x00007ffd0dedd000 	C:\Program Files\Microsoft\jdk-17.0.13.11-hotspot\bin\msvcp140.dll
0x00007ffcabfa0000 - 0x00007ffcacc11000 	C:\Program Files\Microsoft\jdk-17.0.13.11-hotspot\bin\server\jvm.dll
0x00007ffd43230000 - 0x00007ffd432e4000 	C:\WINDOWS\System32\ADVAPI32.dll
0x00007ffd42970000 - 0x00007ffd42a16000 	C:\WINDOWS\System32\sechost.dll
0x00007ffd42740000 - 0x00007ffd42856000 	C:\WINDOWS\System32\RPCRT4.dll
0x00007ffd41dd0000 - 0x00007ffd41e44000 	C:\WINDOWS\System32\WS2_32.dll
0x00007ffd3ffe0000 - 0x00007ffd4002e000 	C:\WINDOWS\SYSTEM32\POWRPROF.dll
0x00007ffd30780000 - 0x00007ffd307b6000 	C:\WINDOWS\SYSTEM32\WINMM.dll
0x00007ffd39100000 - 0x00007ffd3910b000 	C:\WINDOWS\SYSTEM32\VERSION.dll
0x00007ffd3ffc0000 - 0x00007ffd3ffd4000 	C:\WINDOWS\SYSTEM32\UMPDC.dll
0x00007ffd40260000 - 0x00007ffd4027a000 	C:\WINDOWS\SYSTEM32\kernel.appcore.dll
0x00007ffd3b520000 - 0x00007ffd3b52a000 	C:\Program Files\Microsoft\jdk-17.0.13.11-hotspot\bin\jimage.dll
0x00007ffd3ec60000 - 0x00007ffd3eea1000 	C:\WINDOWS\SYSTEM32\DBGHELP.DLL
0x00007ffd432f0000 - 0x00007ffd4366e000 	C:\WINDOWS\System32\combase.dll
0x00007ffd42860000 - 0x00007ffd42936000 	C:\WINDOWS\System32\OLEAUT32.dll
0x00007ffd1e760000 - 0x00007ffd1e799000 	C:\WINDOWS\SYSTEM32\dbgcore.DLL
0x00007ffd41530000 - 0x00007ffd415c9000 	C:\WINDOWS\System32\bcryptPrimitives.dll
0x00007ffd3b1e0000 - 0x00007ffd3b1ee000 	C:\Program Files\Microsoft\jdk-17.0.13.11-hotspot\bin\instrument.dll
0x00007ffd163d0000 - 0x00007ffd163f5000 	C:\Program Files\Microsoft\jdk-17.0.13.11-hotspot\bin\java.dll
0x00007ffcf6880000 - 0x00007ffcf6957000 	C:\Program Files\Microsoft\jdk-17.0.13.11-hotspot\bin\jsvml.dll
0x00007ffd41e80000 - 0x00007ffd42584000 	C:\WINDOWS\System32\SHELL32.dll
0x00007ffd3f080000 - 0x00007ffd3f8b7000 	C:\WINDOWS\SYSTEM32\windows.storage.dll
0x00007ffd425d0000 - 0x00007ffd426b9000 	C:\WINDOWS\System32\SHCORE.dll
0x00007ffd42b00000 - 0x00007ffd42b5d000 	C:\WINDOWS\System32\shlwapi.dll
0x00007ffd41230000 - 0x00007ffd4125e000 	C:\WINDOWS\SYSTEM32\profapi.dll
0x00007ffd17eb0000 - 0x00007ffd17ec8000 	C:\Program Files\Microsoft\jdk-17.0.13.11-hotspot\bin\zip.dll
0x00007ffd14bf0000 - 0x00007ffd14c0a000 	C:\Program Files\Microsoft\jdk-17.0.13.11-hotspot\bin\net.dll
0x00007ffd3b9b0000 - 0x00007ffd3bace000 	C:\WINDOWS\SYSTEM32\WINHTTP.dll
0x00007ffd40770000 - 0x00007ffd407da000 	C:\WINDOWS\system32\mswsock.dll
0x00007ffd14bd0000 - 0x00007ffd14be6000 	C:\Program Files\Microsoft\jdk-17.0.13.11-hotspot\bin\nio.dll
0x00007ffd3b170000 - 0x00007ffd3b180000 	C:\Program Files\Microsoft\jdk-17.0.13.11-hotspot\bin\verify.dll
0x00007ffd38230000 - 0x00007ffd38257000 	C:\Users\DLCH\.gradle\native\1def1411415f61bf3af743bc5b6707747c0891f09f0c88961ee8f79bc544acac\windows-amd64\native-platform.dll
0x00007ffd0ddd0000 - 0x00007ffd0de48000 	C:\Users\DLCH\.gradle\native\0.2.6\x86_64-windows-gnu\gradle-fileevents.dll
0x00007ffd396b0000 - 0x00007ffd396ba000 	C:\Program Files\Microsoft\jdk-17.0.13.11-hotspot\bin\management.dll
0x00007ffd39670000 - 0x00007ffd3967b000 	C:\Program Files\Microsoft\jdk-17.0.13.11-hotspot\bin\management_ext.dll
0x00007ffd43780000 - 0x00007ffd43788000 	C:\WINDOWS\System32\PSAPI.DLL
0x00007ffd3fc70000 - 0x00007ffd3fca2000 	C:\WINDOWS\SYSTEM32\IPHLPAPI.DLL
0x00007ffd43840000 - 0x00007ffd4384a000 	C:\WINDOWS\System32\NSI.dll
0x00007ffd3b7a0000 - 0x00007ffd3b7bf000 	C:\WINDOWS\SYSTEM32\dhcpcsvc6.DLL
0x00007ffd3b770000 - 0x00007ffd3b795000 	C:\WINDOWS\SYSTEM32\dhcpcsvc.DLL
0x00007ffd3fd10000 - 0x00007ffd3fe35000 	C:\WINDOWS\SYSTEM32\DNSAPI.dll
0x00007ffd395c0000 - 0x00007ffd395c9000 	C:\Program Files\Microsoft\jdk-17.0.13.11-hotspot\bin\extnet.dll
0x00007ffd40a10000 - 0x00007ffd40a2c000 	C:\WINDOWS\SYSTEM32\CRYPTSP.dll
0x00007ffd401c0000 - 0x00007ffd401f8000 	C:\WINDOWS\system32\rsaenh.dll
0x00007ffd40810000 - 0x00007ffd4083b000 	C:\WINDOWS\SYSTEM32\USERENV.dll
0x00007ffd40c50000 - 0x00007ffd40c76000 	C:\WINDOWS\SYSTEM32\bcrypt.dll
0x00007ffd40a30000 - 0x00007ffd40a3c000 	C:\WINDOWS\SYSTEM32\CRYPTBASE.dll
0x00007ffd383a0000 - 0x00007ffd383ae000 	C:\Program Files\Microsoft\jdk-17.0.13.11-hotspot\bin\sunmscapi.dll
0x00007ffd41a30000 - 0x00007ffd41ba6000 	C:\WINDOWS\System32\CRYPT32.dll
0x00007ffd40c10000 - 0x00007ffd40c40000 	C:\WINDOWS\SYSTEM32\ncrypt.dll
0x00007ffd40bc0000 - 0x00007ffd40bff000 	C:\WINDOWS\SYSTEM32\NTASN1.dll
0x00007ffd03970000 - 0x00007ffd03978000 	C:\WINDOWS\system32\wshunix.dll

dbghelp: loaded successfully - version: 4.0.5 - missing functions: none
symbol engine: initialized successfully - sym options: 0x614 - pdb path: .;C:\Program Files\Microsoft\jdk-17.0.13.11-hotspot\bin;C:\WINDOWS\SYSTEM32;C:\WINDOWS\WinSxS\amd64_microsoft.windows.common-controls_6595b64144ccf1df_6.0.26100.3037_none_3e09262ce333c378;C:\Program Files\Microsoft\jdk-17.0.13.11-hotspot\bin\server;C:\Users\DLCH\.gradle\native\1def1411415f61bf3af743bc5b6707747c0891f09f0c88961ee8f79bc544acac\windows-amd64;C:\Users\DLCH\.gradle\native\0.2.6\x86_64-windows-gnu

VM Arguments:
jvm_args: --add-opens=java.base/java.lang=ALL-UNNAMED --add-opens=java.base/java.lang.invoke=ALL-UNNAMED --add-opens=java.base/java.util=ALL-UNNAMED --add-opens=java.prefs/java.util.prefs=ALL-UNNAMED --add-exports=jdk.compiler/com.sun.tools.javac.api=ALL-UNNAMED --add-exports=jdk.compiler/com.sun.tools.javac.util=ALL-UNNAMED --add-opens=java.base/java.util=ALL-UNNAMED --add-opens=java.prefs/java.util.prefs=ALL-UNNAMED --add-opens=java.base/java.nio.charset=ALL-UNNAMED --add-opens=java.base/java.net=ALL-UNNAMED --add-opens=java.base/java.util.concurrent.atomic=ALL-UNNAMED --add-opens=java.xml/javax.xml.namespace=ALL-UNNAMED -XX:MaxMetaspaceSize=384m -XX:+HeapDumpOnOutOfMemoryError -Xms256m -Xmx512m -Dfile.encoding=UTF-8 -Duser.country=US -Duser.language=en -Duser.variant -javaagent:C:\Users\DLCH\.gradle\wrapper\dists\gradle-8.12.1-bin\eumc4uhoysa37zql93vfjkxy0\gradle-8.12.1\lib\agents\gradle-instrumentation-agent-8.12.1.jar 
java_command: org.gradle.launcher.daemon.bootstrap.GradleDaemon 8.12.1
java_class_path (initial): C:\Users\DLCH\.gradle\wrapper\dists\gradle-8.12.1-bin\eumc4uhoysa37zql93vfjkxy0\gradle-8.12.1\lib\gradle-daemon-main-8.12.1.jar
Launcher Type: SUN_STANDARD

[Global flags]
     intx CICompilerCount                          = 4                                         {product} {ergonomic}
   size_t CompressedClassSpaceSize                 = 335544320                                 {product} {ergonomic}
     uint ConcGCThreads                            = 3                                         {product} {ergonomic}
     uint G1ConcRefinementThreads                  = 10                                        {product} {ergonomic}
   size_t G1HeapRegionSize                         = 1048576                                   {product} {ergonomic}
    uintx GCDrainStackTargetSize                   = 64                                        {product} {ergonomic}
     bool HeapDumpOnOutOfMemoryError               = true                                   {manageable} {command line}
   size_t InitialHeapSize                          = 268435456                                 {product} {command line}
   size_t MarkStackSize                            = 4194304                                   {product} {ergonomic}
   size_t MaxHeapSize                              = 536870912                                 {product} {command line}
   size_t MaxMetaspaceSize                         = 402653184                                 {product} {command line}
   size_t MaxNewSize                               = 321912832                                 {product} {ergonomic}
   size_t MinHeapDeltaBytes                        = 1048576                                   {product} {ergonomic}
   size_t MinHeapSize                              = 268435456                                 {product} {command line}
    uintx NonNMethodCodeHeapSize                   = 5839372                                {pd product} {ergonomic}
    uintx NonProfiledCodeHeapSize                  = 122909434                              {pd product} {ergonomic}
    uintx ProfiledCodeHeapSize                     = 122909434                              {pd product} {ergonomic}
    uintx ReservedCodeCacheSize                    = 251658240                              {pd product} {ergonomic}
     bool SegmentedCodeCache                       = true                                      {product} {ergonomic}
   size_t SoftMaxHeapSize                          = 536870912                              {manageable} {ergonomic}
     bool UseCompressedClassPointers               = true                           {product lp64_product} {ergonomic}
     bool UseCompressedOops                        = true                           {product lp64_product} {ergonomic}
     bool UseG1GC                                  = true                                      {product} {ergonomic}
     bool UseLargePagesIndividualAllocation        = false                                  {pd product} {ergonomic}

Logging:
Log output configuration:
 #0: stdout all=warning uptime,level,tags
 #1: stderr all=off uptime,level,tags

Environment Variables:
JAVA_HOME=C:\Program Files\Microsoft\jdk-17.0.13.11-hotspot\
PATH=C:\Program Files\Microsoft\jdk-17.0.13.11-hotspot\bin;C:\Program Files\Microsoft\jdk-17.0.13.11-hotspot\\bin;C:\Program Files\Common Files\Oracle\Java\javapath;C:\WINDOWS\system32;C:\WINDOWS;C:\WINDOWS\System32\Wbem;C:\WINDOWS\System32\WindowsPowerShell\v1.0\;C:\WINDOWS\System32\OpenSSH\;C:\Program Files\Git\cmd;C:\ProgramData\chocolatey\bin;C:\Program Files\nodejs\;C:\Program Files\Amazon\AWSCLIV2\;C:\Users\DLCH\AppData\Local\Android\Sdk\platform-tools;C:\Users\DLCH\AppData\Local\Android\Sdk\tools;C:\Users\DLCH\AppData\Local\Android\Sdk\cmdline-tools\latest\bin;C:\Users\DLCH\AppData\Local\Programs\Python\Python310\Scripts;C:\Users\DLCH\AppData\Local\Programs\Python\Python310;C:\Users\DLCH\AppData\Local\Programs\Python\Launcher\;C:\Users\DLCH\AppData\Local\Microsoft\WindowsApps;C:\Users\DLCH\AppData\Local\Programs\Microsoft VS Code\bin;C:\Winutils\bin;C:\SPARK\spark-3.4.4-bin-hadoop3\bin;C:\Users\DLCH\AppData\Roaming\npm;C:\Program Files\nodejs\;
USERNAME=DLCH
OS=Windows_NT
PROCESSOR_IDENTIFIER=AMD64 Family 23 Model 96 Stepping 1, AuthenticAMD
TMP=C:\Users\DLCH\AppData\Local\Temp
TEMP=C:\Users\DLCH\AppData\Local\Temp



Periodic native trim disabled


---------------  S Y S T E M  ---------------

OS:
 Windows 11 , 64 bit Build 26100 (10.0.26100.3037)
OS uptime: 0 days 2:18 hours

CPU: total 12 (initial active 12) (12 cores per cpu, 2 threads per core) family 23 model 96 stepping 1 microcode 0x8600106, cx8, cmov, fxsr, ht, mmx, 3dnowpref, sse, sse2, sse3, ssse3, sse4a, sse4.1, sse4.2, popcnt, lzcnt, tsc, tscinvbit, avx, avx2, aes, clmul, bmi1, bmi2, adx, sha, fma, vzeroupper, clflush, clflushopt
Processor Information for the first 12 processors :
  Max Mhz: 3000, Current Mhz: 3000, Mhz Limit: 3000

Memory: 4k page, system-wide physical 15741M (3M free)
TotalPageFile size 64893M (AvailPageFile size 34M)
current process WorkingSet (physical memory assigned to process): 87M, peak: 227M
current process commit charge ("private bytes"): 432M, peak: 436M

vm_info: OpenJDK 64-Bit Server VM (17.0.13+11-LTS) for windows-amd64 JRE (17.0.13+11-LTS), built on Oct 11 2024 23:25:05 by "MicrosoftCorporation" with unknown MS VC++:1939

END.
